2022-12-22T21:26:31.792+05:00  INFO 11336 --- [main] com.example.youtube.YouTubeApplication   : Starting YouTubeApplication using Java 18.0.2.1 with PID 11336 (E:\Java\2-modul\YouTube\target\classes started by User in E:\Java\2-modul\YouTube)
2022-12-22T21:26:31.817+05:00 DEBUG 11336 --- [main] com.example.youtube.YouTubeApplication   : Running with Spring Boot v3.0.0, Spring v6.0.2
2022-12-22T21:26:31.819+05:00  INFO 11336 --- [main] com.example.youtube.YouTubeApplication   : No active profile set, falling back to 1 default profile: "default"
2022-12-22T21:26:32.858+05:00  INFO 11336 --- [main] .s.d.r.c.RepositoryConfigurationDelegate : Bootstrapping Spring Data JPA repositories in DEFAULT mode.
2022-12-22T21:26:32.931+05:00  INFO 11336 --- [main] .s.d.r.c.RepositoryConfigurationDelegate : Finished Spring Data repository scanning in 65 ms. Found 5 JPA repository interfaces.
2022-12-22T21:26:33.705+05:00  INFO 11336 --- [main] o.s.b.w.embedded.tomcat.TomcatWebServer  : Tomcat initialized with port(s): 7070 (http)
2022-12-22T21:26:33.715+05:00  INFO 11336 --- [main] o.apache.catalina.core.StandardService   : Starting service [Tomcat]
2022-12-22T21:26:33.715+05:00  INFO 11336 --- [main] o.apache.catalina.core.StandardEngine    : Starting Servlet engine: [Apache Tomcat/10.1.1]
2022-12-22T21:26:33.837+05:00  INFO 11336 --- [main] o.a.c.c.C.[Tomcat].[localhost].[/]       : Initializing Spring embedded WebApplicationContext
2022-12-22T21:26:33.837+05:00  INFO 11336 --- [main] w.s.c.ServletWebServerApplicationContext : Root WebApplicationContext: initialization completed in 1930 ms
2022-12-22T21:26:33.992+05:00  INFO 11336 --- [main] o.hibernate.jpa.internal.util.LogHelper  : HHH000204: Processing PersistenceUnitInfo [name: default]
2022-12-22T21:26:34.050+05:00  INFO 11336 --- [main] org.hibernate.Version                    : HHH000412: Hibernate ORM core version 6.1.5.Final
2022-12-22T21:26:34.224+05:00  WARN 11336 --- [main] org.hibernate.orm.deprecation            : HHH90000021: Encountered deprecated setting [javax.persistence.sharedCache.mode], use [jakarta.persistence.sharedCache.mode] instead
2022-12-22T21:26:34.351+05:00  INFO 11336 --- [main] com.zaxxer.hikari.HikariDataSource       : HikariPool-1 - Starting...
2022-12-22T21:26:34.654+05:00  INFO 11336 --- [main] com.zaxxer.hikari.pool.HikariPool        : HikariPool-1 - Added connection org.postgresql.jdbc.PgConnection@63de4fa
2022-12-22T21:26:34.657+05:00  INFO 11336 --- [main] com.zaxxer.hikari.HikariDataSource       : HikariPool-1 - Start completed.
2022-12-22T21:26:34.709+05:00  INFO 11336 --- [main] SQL dialect                              : HHH000400: Using dialect: org.hibernate.dialect.PostgreSQLDialect
2022-12-22T21:26:35.961+05:00  INFO 11336 --- [main] o.h.e.t.j.p.i.JtaPlatformInitiator       : HHH000490: Using JtaPlatform implementation: [org.hibernate.engine.transaction.jta.platform.internal.NoJtaPlatform]
2022-12-22T21:26:35.972+05:00  INFO 11336 --- [main] j.LocalContainerEntityManagerFactoryBean : Initialized JPA EntityManagerFactory for persistence unit 'default'
2022-12-22T21:26:36.348+05:00 DEBUG 11336 --- [main] c.e.youtube.config.security.JwtFilter    : Filter 'jwtFilter' configured for use
2022-12-22T21:26:36.630+05:00  WARN 11336 --- [main] JpaBaseConfiguration$JpaWebConfiguration : spring.jpa.open-in-view is enabled by default. Therefore, database queries may be performed during view rendering. Explicitly configure spring.jpa.open-in-view to disable this warning
2022-12-22T21:26:37.011+05:00  INFO 11336 --- [main] o.s.s.web.DefaultSecurityFilterChain     : Will secure any request with [org.springframework.security.web.session.DisableEncodeUrlFilter@5cb6b81b, org.springframework.security.web.context.request.async.WebAsyncManagerIntegrationFilter@2a15bbf3, org.springframework.security.web.context.SecurityContextHolderFilter@71c91121, org.springframework.security.web.header.HeaderWriterFilter@460df441, org.springframework.security.web.authentication.logout.LogoutFilter@7388486e, com.example.youtube.config.security.JwtFilter@64eb14da, org.springframework.security.web.savedrequest.RequestCacheAwareFilter@568fd3de, org.springframework.security.web.servletapi.SecurityContextHolderAwareRequestFilter@5bc1903, org.springframework.security.web.authentication.AnonymousAuthenticationFilter@46c19350, org.springframework.security.web.access.ExceptionTranslationFilter@5edaa572, org.springframework.security.web.access.intercept.AuthorizationFilter@147c4523]
2022-12-22T21:26:37.322+05:00  INFO 11336 --- [main] o.s.b.w.embedded.tomcat.TomcatWebServer  : Tomcat started on port(s): 7070 (http) with context path ''
2022-12-22T21:26:37.333+05:00  INFO 11336 --- [main] com.example.youtube.YouTubeApplication   : Started YouTubeApplication in 6.17 seconds (process running for 7.162)
2022-12-22T21:26:37.380+05:00  INFO 11336 --- [main] o.f.c.internal.license.VersionPrinter    : Flyway Community Edition 9.5.1 by Redgate
2022-12-22T21:26:37.381+05:00  INFO 11336 --- [main] o.f.c.internal.license.VersionPrinter    : See what's new here: https://flywaydb.org/documentation/learnmore/releaseNotes#9.5.1
2022-12-22T21:26:37.381+05:00  INFO 11336 --- [main] o.f.c.internal.license.VersionPrinter    : 
2022-12-22T21:26:37.405+05:00  INFO 11336 --- [main] o.f.c.i.database.base.BaseDatabaseType   : Database: jdbc:postgresql://localhost:5432/YouTube (PostgreSQL 14.1)
2022-12-22T21:26:37.460+05:00  INFO 11336 --- [main] .s.b.a.l.ConditionEvaluationReportLogger : 

Error starting ApplicationContext. To display the condition evaluation report re-run your application with 'debug' enabled.
2022-12-22T21:26:37.481+05:00 ERROR 11336 --- [main] o.s.boot.SpringApplication               : Application run failed

java.lang.IllegalStateException: Failed to execute CommandLineRunner
	at org.springframework.boot.SpringApplication.callRunner(SpringApplication.java:770) ~[spring-boot-3.0.0.jar:3.0.0]
	at org.springframework.boot.SpringApplication.callRunners(SpringApplication.java:751) ~[spring-boot-3.0.0.jar:3.0.0]
	at org.springframework.boot.SpringApplication.run(SpringApplication.java:315) ~[spring-boot-3.0.0.jar:3.0.0]
	at org.springframework.boot.SpringApplication.run(SpringApplication.java:1302) ~[spring-boot-3.0.0.jar:3.0.0]
	at org.springframework.boot.SpringApplication.run(SpringApplication.java:1291) ~[spring-boot-3.0.0.jar:3.0.0]
	at com.example.youtube.YouTubeApplication.main(YouTubeApplication.java:10) ~[classes/:na]
Caused by: org.flywaydb.core.api.exception.FlywayValidateException: Validate failed: Migrations have failed validation
Migration checksum mismatch for migration version 1
-> Applied to database : -1415668353
-> Resolved locally    : 233541992
Either revert the changes to the migration, or run repair to update the schema history.
Need more flexibility with validation rules? Learn more: https://rd.gt/3AbJUZE
	at org.flywaydb.core.Flyway.lambda$migrate$0(Flyway.java:134) ~[flyway-core-9.5.1.jar:na]
	at org.flywaydb.core.FlywayExecutor.execute(FlywayExecutor.java:204) ~[flyway-core-9.5.1.jar:na]
	at org.flywaydb.core.Flyway.migrate(Flyway.java:128) ~[flyway-core-9.5.1.jar:na]
	at com.example.youtube.service.CommandLineAppStartupRunner.run(CommandLineAppStartupRunner.java:27) ~[classes/:na]
	at org.springframework.boot.SpringApplication.callRunner(SpringApplication.java:767) ~[spring-boot-3.0.0.jar:3.0.0]
	... 5 common frames omitted

2022-12-22T21:26:37.511+05:00  INFO 11336 --- [main] j.LocalContainerEntityManagerFactoryBean : Closing JPA EntityManagerFactory for persistence unit 'default'
2022-12-22T21:26:37.513+05:00  INFO 11336 --- [main] com.zaxxer.hikari.HikariDataSource       : HikariPool-1 - Shutdown initiated...
2022-12-22T21:26:37.518+05:00  INFO 11336 --- [main] com.zaxxer.hikari.HikariDataSource       : HikariPool-1 - Shutdown completed.
2022-12-22T21:28:43.863+05:00  INFO 18604 --- [main] com.example.youtube.YouTubeApplication   : Starting YouTubeApplication using Java 18.0.2.1 with PID 18604 (E:\Java\2-modul\YouTube\target\classes started by User in E:\Java\2-modul\YouTube)
2022-12-22T21:28:43.886+05:00 DEBUG 18604 --- [main] com.example.youtube.YouTubeApplication   : Running with Spring Boot v3.0.0, Spring v6.0.2
2022-12-22T21:28:43.887+05:00  INFO 18604 --- [main] com.example.youtube.YouTubeApplication   : No active profile set, falling back to 1 default profile: "default"
2022-12-22T21:28:45.031+05:00  INFO 18604 --- [main] .s.d.r.c.RepositoryConfigurationDelegate : Bootstrapping Spring Data JPA repositories in DEFAULT mode.
2022-12-22T21:28:45.118+05:00  INFO 18604 --- [main] .s.d.r.c.RepositoryConfigurationDelegate : Finished Spring Data repository scanning in 75 ms. Found 5 JPA repository interfaces.
2022-12-22T21:28:46.003+05:00  INFO 18604 --- [main] o.s.b.w.embedded.tomcat.TomcatWebServer  : Tomcat initialized with port(s): 7070 (http)
2022-12-22T21:28:46.021+05:00  INFO 18604 --- [main] o.apache.catalina.core.StandardService   : Starting service [Tomcat]
2022-12-22T21:28:46.022+05:00  INFO 18604 --- [main] o.apache.catalina.core.StandardEngine    : Starting Servlet engine: [Apache Tomcat/10.1.1]
2022-12-22T21:28:46.150+05:00  INFO 18604 --- [main] o.a.c.c.C.[Tomcat].[localhost].[/]       : Initializing Spring embedded WebApplicationContext
2022-12-22T21:28:46.151+05:00  INFO 18604 --- [main] w.s.c.ServletWebServerApplicationContext : Root WebApplicationContext: initialization completed in 2192 ms
2022-12-22T21:28:46.342+05:00  INFO 18604 --- [main] o.hibernate.jpa.internal.util.LogHelper  : HHH000204: Processing PersistenceUnitInfo [name: default]
2022-12-22T21:28:46.419+05:00  INFO 18604 --- [main] org.hibernate.Version                    : HHH000412: Hibernate ORM core version 6.1.5.Final
2022-12-22T21:28:46.641+05:00  WARN 18604 --- [main] org.hibernate.orm.deprecation            : HHH90000021: Encountered deprecated setting [javax.persistence.sharedCache.mode], use [jakarta.persistence.sharedCache.mode] instead
2022-12-22T21:28:46.807+05:00  INFO 18604 --- [main] com.zaxxer.hikari.HikariDataSource       : HikariPool-1 - Starting...
2022-12-22T21:28:47.083+05:00  INFO 18604 --- [main] com.zaxxer.hikari.pool.HikariPool        : HikariPool-1 - Added connection org.postgresql.jdbc.PgConnection@ff0e6d4
2022-12-22T21:28:47.086+05:00  INFO 18604 --- [main] com.zaxxer.hikari.HikariDataSource       : HikariPool-1 - Start completed.
2022-12-22T21:28:47.144+05:00  INFO 18604 --- [main] SQL dialect                              : HHH000400: Using dialect: org.hibernate.dialect.PostgreSQLDialect
2022-12-22T21:28:48.432+05:00  INFO 18604 --- [main] o.h.e.t.j.p.i.JtaPlatformInitiator       : HHH000490: Using JtaPlatform implementation: [org.hibernate.engine.transaction.jta.platform.internal.NoJtaPlatform]
2022-12-22T21:28:48.443+05:00  INFO 18604 --- [main] j.LocalContainerEntityManagerFactoryBean : Initialized JPA EntityManagerFactory for persistence unit 'default'
2022-12-22T21:28:48.804+05:00 DEBUG 18604 --- [main] c.e.youtube.config.security.JwtFilter    : Filter 'jwtFilter' configured for use
2022-12-22T21:28:49.116+05:00  WARN 18604 --- [main] JpaBaseConfiguration$JpaWebConfiguration : spring.jpa.open-in-view is enabled by default. Therefore, database queries may be performed during view rendering. Explicitly configure spring.jpa.open-in-view to disable this warning
2022-12-22T21:28:49.473+05:00  INFO 18604 --- [main] o.s.s.web.DefaultSecurityFilterChain     : Will secure any request with [org.springframework.security.web.session.DisableEncodeUrlFilter@5c40402c, org.springframework.security.web.context.request.async.WebAsyncManagerIntegrationFilter@198524ec, org.springframework.security.web.context.SecurityContextHolderFilter@4a9f0360, org.springframework.security.web.header.HeaderWriterFilter@65880400, org.springframework.security.web.authentication.logout.LogoutFilter@5354bfce, com.example.youtube.config.security.JwtFilter@4777f71e, org.springframework.security.web.savedrequest.RequestCacheAwareFilter@eea0b48, org.springframework.security.web.servletapi.SecurityContextHolderAwareRequestFilter@5feb8e9a, org.springframework.security.web.authentication.AnonymousAuthenticationFilter@5edaa572, org.springframework.security.web.access.ExceptionTranslationFilter@519eab1e, org.springframework.security.web.access.intercept.AuthorizationFilter@2fbd47b7]
2022-12-22T21:28:49.796+05:00  INFO 18604 --- [main] o.s.b.w.embedded.tomcat.TomcatWebServer  : Tomcat started on port(s): 7070 (http) with context path ''
2022-12-22T21:28:49.806+05:00  INFO 18604 --- [main] com.example.youtube.YouTubeApplication   : Started YouTubeApplication in 6.729 seconds (process running for 7.726)
2022-12-22T21:28:49.848+05:00  INFO 18604 --- [main] o.f.c.internal.license.VersionPrinter    : Flyway Community Edition 9.5.1 by Redgate
2022-12-22T21:28:49.848+05:00  INFO 18604 --- [main] o.f.c.internal.license.VersionPrinter    : See what's new here: https://flywaydb.org/documentation/learnmore/releaseNotes#9.5.1
2022-12-22T21:28:49.849+05:00  INFO 18604 --- [main] o.f.c.internal.license.VersionPrinter    : 
2022-12-22T21:28:49.872+05:00  INFO 18604 --- [main] o.f.c.i.database.base.BaseDatabaseType   : Database: jdbc:postgresql://localhost:5432/YouTube (PostgreSQL 14.1)
2022-12-22T21:28:49.921+05:00  INFO 18604 --- [main] o.f.core.internal.command.DbValidate     : Successfully validated 1 migration (execution time 00:00.017s)
2022-12-22T21:28:49.985+05:00  INFO 18604 --- [main] o.f.core.internal.command.DbMigrate      : Current version of schema "public": 1
2022-12-22T21:28:49.985+05:00 ERROR 18604 --- [main] o.f.core.internal.command.DbMigrate      : Schema "public" has version 1, but no migration could be resolved in the configured locations !
2022-12-22T21:28:49.986+05:00  INFO 18604 --- [main] o.f.core.internal.command.DbMigrate      : Schema "public" is up to date. No migration necessary.
2022-12-22T21:37:20.548+05:00  INFO 18604 --- [SpringApplicationShutdownHook] j.LocalContainerEntityManagerFactoryBean : Closing JPA EntityManagerFactory for persistence unit 'default'
2022-12-22T21:37:20.552+05:00  INFO 18604 --- [SpringApplicationShutdownHook] com.zaxxer.hikari.HikariDataSource       : HikariPool-1 - Shutdown initiated...
2022-12-22T21:37:20.562+05:00  INFO 18604 --- [SpringApplicationShutdownHook] com.zaxxer.hikari.HikariDataSource       : HikariPool-1 - Shutdown completed.
2022-12-22T21:37:29.902+05:00  INFO 19988 --- [main] com.example.youtube.YouTubeApplication   : Starting YouTubeApplication using Java 18.0.2.1 with PID 19988 (E:\Java\2-modul\YouTube\target\classes started by User in E:\Java\2-modul\YouTube)
2022-12-22T21:37:29.936+05:00 DEBUG 19988 --- [main] com.example.youtube.YouTubeApplication   : Running with Spring Boot v3.0.0, Spring v6.0.2
2022-12-22T21:37:29.938+05:00  INFO 19988 --- [main] com.example.youtube.YouTubeApplication   : No active profile set, falling back to 1 default profile: "default"
2022-12-22T21:37:31.315+05:00  INFO 19988 --- [main] .s.d.r.c.RepositoryConfigurationDelegate : Bootstrapping Spring Data JPA repositories in DEFAULT mode.
2022-12-22T21:37:31.427+05:00  INFO 19988 --- [main] .s.d.r.c.RepositoryConfigurationDelegate : Finished Spring Data repository scanning in 100 ms. Found 5 JPA repository interfaces.
2022-12-22T21:37:32.526+05:00  INFO 19988 --- [main] o.s.b.w.embedded.tomcat.TomcatWebServer  : Tomcat initialized with port(s): 7070 (http)
2022-12-22T21:37:32.543+05:00  INFO 19988 --- [main] o.apache.catalina.core.StandardService   : Starting service [Tomcat]
2022-12-22T21:37:32.543+05:00  INFO 19988 --- [main] o.apache.catalina.core.StandardEngine    : Starting Servlet engine: [Apache Tomcat/10.1.1]
2022-12-22T21:37:32.711+05:00  INFO 19988 --- [main] o.a.c.c.C.[Tomcat].[localhost].[/]       : Initializing Spring embedded WebApplicationContext
2022-12-22T21:37:32.712+05:00  INFO 19988 --- [main] w.s.c.ServletWebServerApplicationContext : Root WebApplicationContext: initialization completed in 2680 ms
2022-12-22T21:37:32.896+05:00  INFO 19988 --- [main] o.hibernate.jpa.internal.util.LogHelper  : HHH000204: Processing PersistenceUnitInfo [name: default]
2022-12-22T21:37:32.952+05:00  INFO 19988 --- [main] org.hibernate.Version                    : HHH000412: Hibernate ORM core version 6.1.5.Final
2022-12-22T21:37:33.160+05:00  WARN 19988 --- [main] org.hibernate.orm.deprecation            : HHH90000021: Encountered deprecated setting [javax.persistence.sharedCache.mode], use [jakarta.persistence.sharedCache.mode] instead
2022-12-22T21:37:33.333+05:00  INFO 19988 --- [main] com.zaxxer.hikari.HikariDataSource       : HikariPool-1 - Starting...
2022-12-22T21:37:33.601+05:00  INFO 19988 --- [main] com.zaxxer.hikari.pool.HikariPool        : HikariPool-1 - Added connection org.postgresql.jdbc.PgConnection@4c063cb9
2022-12-22T21:37:33.604+05:00  INFO 19988 --- [main] com.zaxxer.hikari.HikariDataSource       : HikariPool-1 - Start completed.
2022-12-22T21:37:33.671+05:00  INFO 19988 --- [main] SQL dialect                              : HHH000400: Using dialect: org.hibernate.dialect.PostgreSQLDialect
2022-12-22T21:37:35.308+05:00  INFO 19988 --- [main] o.h.e.t.j.p.i.JtaPlatformInitiator       : HHH000490: Using JtaPlatform implementation: [org.hibernate.engine.transaction.jta.platform.internal.NoJtaPlatform]
2022-12-22T21:37:35.323+05:00  INFO 19988 --- [main] j.LocalContainerEntityManagerFactoryBean : Initialized JPA EntityManagerFactory for persistence unit 'default'
2022-12-22T21:37:35.805+05:00 DEBUG 19988 --- [main] c.e.youtube.config.security.JwtFilter    : Filter 'jwtFilter' configured for use
2022-12-22T21:37:36.250+05:00  WARN 19988 --- [main] JpaBaseConfiguration$JpaWebConfiguration : spring.jpa.open-in-view is enabled by default. Therefore, database queries may be performed during view rendering. Explicitly configure spring.jpa.open-in-view to disable this warning
2022-12-22T21:37:36.728+05:00  INFO 19988 --- [main] o.s.s.web.DefaultSecurityFilterChain     : Will secure any request with [org.springframework.security.web.session.DisableEncodeUrlFilter@7c0b792e, org.springframework.security.web.context.request.async.WebAsyncManagerIntegrationFilter@2210af14, org.springframework.security.web.context.SecurityContextHolderFilter@27bc2650, org.springframework.security.web.header.HeaderWriterFilter@3ba815ee, org.springframework.security.web.authentication.logout.LogoutFilter@408b2ae2, com.example.youtube.config.security.JwtFilter@6f69b0ba, org.springframework.security.web.savedrequest.RequestCacheAwareFilter@198524ec, org.springframework.security.web.servletapi.SecurityContextHolderAwareRequestFilter@5edaa572, org.springframework.security.web.authentication.AnonymousAuthenticationFilter@136a4800, org.springframework.security.web.access.ExceptionTranslationFilter@727e61ed, org.springframework.security.web.access.intercept.AuthorizationFilter@5fe024a7]
2022-12-22T21:37:37.163+05:00  INFO 19988 --- [main] o.s.b.w.embedded.tomcat.TomcatWebServer  : Tomcat started on port(s): 7070 (http) with context path ''
2022-12-22T21:37:37.181+05:00  INFO 19988 --- [main] com.example.youtube.YouTubeApplication   : Started YouTubeApplication in 8.146 seconds (process running for 9.29)
2022-12-22T21:37:37.245+05:00  INFO 19988 --- [main] o.f.c.internal.license.VersionPrinter    : Flyway Community Edition 9.5.1 by Redgate
2022-12-22T21:37:37.246+05:00  INFO 19988 --- [main] o.f.c.internal.license.VersionPrinter    : See what's new here: https://flywaydb.org/documentation/learnmore/releaseNotes#9.5.1
2022-12-22T21:37:37.246+05:00  INFO 19988 --- [main] o.f.c.internal.license.VersionPrinter    : 
2022-12-22T21:37:37.281+05:00  INFO 19988 --- [main] o.f.c.i.database.base.BaseDatabaseType   : Database: jdbc:postgresql://localhost:5432/YouTube (PostgreSQL 14.1)
2022-12-22T21:37:37.361+05:00  INFO 19988 --- [main] .s.b.a.l.ConditionEvaluationReportLogger : 

Error starting ApplicationContext. To display the condition evaluation report re-run your application with 'debug' enabled.
2022-12-22T21:37:37.399+05:00 ERROR 19988 --- [main] o.s.boot.SpringApplication               : Application run failed

java.lang.IllegalStateException: Failed to execute CommandLineRunner
	at org.springframework.boot.SpringApplication.callRunner(SpringApplication.java:770) ~[spring-boot-3.0.0.jar:3.0.0]
	at org.springframework.boot.SpringApplication.callRunners(SpringApplication.java:751) ~[spring-boot-3.0.0.jar:3.0.0]
	at org.springframework.boot.SpringApplication.run(SpringApplication.java:315) ~[spring-boot-3.0.0.jar:3.0.0]
	at org.springframework.boot.SpringApplication.run(SpringApplication.java:1302) ~[spring-boot-3.0.0.jar:3.0.0]
	at org.springframework.boot.SpringApplication.run(SpringApplication.java:1291) ~[spring-boot-3.0.0.jar:3.0.0]
	at com.example.youtube.YouTubeApplication.main(YouTubeApplication.java:10) ~[classes/:na]
Caused by: org.flywaydb.core.api.exception.FlywayValidateException: Validate failed: Migrations have failed validation
Migration checksum mismatch for migration version 1
-> Applied to database : -1415668353
-> Resolved locally    : -626525123
Either revert the changes to the migration, or run repair to update the schema history.
Need more flexibility with validation rules? Learn more: https://rd.gt/3AbJUZE
	at org.flywaydb.core.Flyway.lambda$migrate$0(Flyway.java:134) ~[flyway-core-9.5.1.jar:na]
	at org.flywaydb.core.FlywayExecutor.execute(FlywayExecutor.java:204) ~[flyway-core-9.5.1.jar:na]
	at org.flywaydb.core.Flyway.migrate(Flyway.java:128) ~[flyway-core-9.5.1.jar:na]
	at com.example.youtube.service.CommandLineAppStartupRunner.run(CommandLineAppStartupRunner.java:27) ~[classes/:na]
	at org.springframework.boot.SpringApplication.callRunner(SpringApplication.java:767) ~[spring-boot-3.0.0.jar:3.0.0]
	... 5 common frames omitted

2022-12-22T21:37:37.456+05:00  INFO 19988 --- [main] j.LocalContainerEntityManagerFactoryBean : Closing JPA EntityManagerFactory for persistence unit 'default'
2022-12-22T21:37:37.459+05:00  INFO 19988 --- [main] com.zaxxer.hikari.HikariDataSource       : HikariPool-1 - Shutdown initiated...
2022-12-22T21:37:37.465+05:00  INFO 19988 --- [main] com.zaxxer.hikari.HikariDataSource       : HikariPool-1 - Shutdown completed.
2022-12-22T21:38:29.172+05:00  INFO 20360 --- [main] com.example.youtube.YouTubeApplication   : Starting YouTubeApplication using Java 18.0.2.1 with PID 20360 (E:\Java\2-modul\YouTube\target\classes started by User in E:\Java\2-modul\YouTube)
2022-12-22T21:38:29.197+05:00 DEBUG 20360 --- [main] com.example.youtube.YouTubeApplication   : Running with Spring Boot v3.0.0, Spring v6.0.2
2022-12-22T21:38:29.201+05:00  INFO 20360 --- [main] com.example.youtube.YouTubeApplication   : No active profile set, falling back to 1 default profile: "default"
2022-12-22T21:38:30.582+05:00  INFO 20360 --- [main] .s.d.r.c.RepositoryConfigurationDelegate : Bootstrapping Spring Data JPA repositories in DEFAULT mode.
2022-12-22T21:38:30.707+05:00  INFO 20360 --- [main] .s.d.r.c.RepositoryConfigurationDelegate : Finished Spring Data repository scanning in 112 ms. Found 5 JPA repository interfaces.
2022-12-22T21:38:31.725+05:00  INFO 20360 --- [main] o.s.b.w.embedded.tomcat.TomcatWebServer  : Tomcat initialized with port(s): 7070 (http)
2022-12-22T21:38:31.749+05:00  INFO 20360 --- [main] o.apache.catalina.core.StandardService   : Starting service [Tomcat]
2022-12-22T21:38:31.749+05:00  INFO 20360 --- [main] o.apache.catalina.core.StandardEngine    : Starting Servlet engine: [Apache Tomcat/10.1.1]
2022-12-22T21:38:32.005+05:00  INFO 20360 --- [main] o.a.c.c.C.[Tomcat].[localhost].[/]       : Initializing Spring embedded WebApplicationContext
2022-12-22T21:38:32.007+05:00  INFO 20360 --- [main] w.s.c.ServletWebServerApplicationContext : Root WebApplicationContext: initialization completed in 2699 ms
2022-12-22T21:38:32.357+05:00  INFO 20360 --- [main] o.hibernate.jpa.internal.util.LogHelper  : HHH000204: Processing PersistenceUnitInfo [name: default]
2022-12-22T21:38:32.460+05:00  INFO 20360 --- [main] org.hibernate.Version                    : HHH000412: Hibernate ORM core version 6.1.5.Final
2022-12-22T21:38:32.739+05:00  WARN 20360 --- [main] org.hibernate.orm.deprecation            : HHH90000021: Encountered deprecated setting [javax.persistence.sharedCache.mode], use [jakarta.persistence.sharedCache.mode] instead
2022-12-22T21:38:32.926+05:00  INFO 20360 --- [main] com.zaxxer.hikari.HikariDataSource       : HikariPool-1 - Starting...
2022-12-22T21:38:33.333+05:00  INFO 20360 --- [main] com.zaxxer.hikari.pool.HikariPool        : HikariPool-1 - Added connection org.postgresql.jdbc.PgConnection@4c5da4f9
2022-12-22T21:38:33.339+05:00  INFO 20360 --- [main] com.zaxxer.hikari.HikariDataSource       : HikariPool-1 - Start completed.
2022-12-22T21:38:33.612+05:00  INFO 20360 --- [main] SQL dialect                              : HHH000400: Using dialect: org.hibernate.dialect.PostgreSQLDialect
2022-12-22T21:38:36.224+05:00  INFO 20360 --- [main] o.h.e.t.j.p.i.JtaPlatformInitiator       : HHH000490: Using JtaPlatform implementation: [org.hibernate.engine.transaction.jta.platform.internal.NoJtaPlatform]
2022-12-22T21:38:36.243+05:00  INFO 20360 --- [main] j.LocalContainerEntityManagerFactoryBean : Initialized JPA EntityManagerFactory for persistence unit 'default'
2022-12-22T21:38:37.227+05:00 DEBUG 20360 --- [main] c.e.youtube.config.security.JwtFilter    : Filter 'jwtFilter' configured for use
2022-12-22T21:38:37.900+05:00  WARN 20360 --- [main] JpaBaseConfiguration$JpaWebConfiguration : spring.jpa.open-in-view is enabled by default. Therefore, database queries may be performed during view rendering. Explicitly configure spring.jpa.open-in-view to disable this warning
2022-12-22T21:38:38.661+05:00  INFO 20360 --- [main] o.s.s.web.DefaultSecurityFilterChain     : Will secure any request with [org.springframework.security.web.session.DisableEncodeUrlFilter@5edaa572, org.springframework.security.web.context.request.async.WebAsyncManagerIntegrationFilter@1892865f, org.springframework.security.web.context.SecurityContextHolderFilter@eea0b48, org.springframework.security.web.header.HeaderWriterFilter@65b69ccb, org.springframework.security.web.authentication.logout.LogoutFilter@3146f3d7, com.example.youtube.config.security.JwtFilter@74026b18, org.springframework.security.web.savedrequest.RequestCacheAwareFilter@6d5d1204, org.springframework.security.web.servletapi.SecurityContextHolderAwareRequestFilter@1784a296, org.springframework.security.web.authentication.AnonymousAuthenticationFilter@460df441, org.springframework.security.web.access.ExceptionTranslationFilter@65880400, org.springframework.security.web.access.intercept.AuthorizationFilter@27bc2650]
2022-12-22T21:38:39.070+05:00  INFO 20360 --- [main] o.s.b.w.embedded.tomcat.TomcatWebServer  : Tomcat started on port(s): 7070 (http) with context path ''
2022-12-22T21:38:39.088+05:00  INFO 20360 --- [main] com.example.youtube.YouTubeApplication   : Started YouTubeApplication in 10.842 seconds (process running for 12.095)
2022-12-22T21:38:39.176+05:00  INFO 20360 --- [main] o.f.c.internal.license.VersionPrinter    : Flyway Community Edition 9.5.1 by Redgate
2022-12-22T21:38:39.176+05:00  INFO 20360 --- [main] o.f.c.internal.license.VersionPrinter    : See what's new here: https://flywaydb.org/documentation/learnmore/releaseNotes#9.5.1
2022-12-22T21:38:39.176+05:00  INFO 20360 --- [main] o.f.c.internal.license.VersionPrinter    : 
2022-12-22T21:38:39.214+05:00  INFO 20360 --- [main] o.f.c.i.database.base.BaseDatabaseType   : Database: jdbc:postgresql://localhost:5432/YouTube (PostgreSQL 14.1)
2022-12-22T21:38:39.286+05:00  INFO 20360 --- [main] o.f.core.internal.command.DbValidate     : Successfully validated 1 migration (execution time 00:00.036s)
2022-12-22T21:38:39.313+05:00  INFO 20360 --- [main] o.f.core.internal.command.DbMigrate      : Current version of schema "public": << Empty Schema >>
2022-12-22T21:38:39.336+05:00  INFO 20360 --- [main] o.f.core.internal.command.DbMigrate      : Migrating schema "public" to version "1 - init"
2022-12-22T21:38:39.430+05:00  INFO 20360 --- [main] o.f.core.internal.command.DbMigrate      : Successfully applied 1 migration to schema "public", now at version v1 (execution time 00:00.126s)
2022-12-22T21:39:12.547+05:00  INFO 20360 --- [http-nio-7070-exec-1] o.a.c.c.C.[Tomcat].[localhost].[/]       : Initializing Spring DispatcherServlet 'dispatcherServlet'
2022-12-22T21:39:12.548+05:00  INFO 20360 --- [http-nio-7070-exec-1] o.s.web.servlet.DispatcherServlet        : Initializing Servlet 'dispatcherServlet'
2022-12-22T21:39:12.552+05:00  INFO 20360 --- [http-nio-7070-exec-1] o.s.web.servlet.DispatcherServlet        : Completed initialization in 3 ms
2022-12-22T21:39:12.810+05:00  INFO 20360 --- [http-nio-7070-exec-1] c.e.youtube.controller.AuthController    :  Login :  email adminceek@gmail.com 
2022-12-22T21:46:42.121+05:00  INFO 20360 --- [SpringApplicationShutdownHook] j.LocalContainerEntityManagerFactoryBean : Closing JPA EntityManagerFactory for persistence unit 'default'
2022-12-22T21:46:42.126+05:00  INFO 20360 --- [SpringApplicationShutdownHook] com.zaxxer.hikari.HikariDataSource       : HikariPool-1 - Shutdown initiated...
2022-12-22T21:46:42.137+05:00  INFO 20360 --- [SpringApplicationShutdownHook] com.zaxxer.hikari.HikariDataSource       : HikariPool-1 - Shutdown completed.
2022-12-22T21:46:49.050+05:00  INFO 8076 --- [main] com.example.youtube.YouTubeApplication   : Starting YouTubeApplication using Java 18.0.2.1 with PID 8076 (E:\Java\2-modul\YouTube\target\classes started by User in E:\Java\2-modul\YouTube)
2022-12-22T21:46:49.085+05:00 DEBUG 8076 --- [main] com.example.youtube.YouTubeApplication   : Running with Spring Boot v3.0.0, Spring v6.0.2
2022-12-22T21:46:49.088+05:00  INFO 8076 --- [main] com.example.youtube.YouTubeApplication   : No active profile set, falling back to 1 default profile: "default"
2022-12-22T21:46:51.773+05:00  INFO 8076 --- [main] .s.d.r.c.RepositoryConfigurationDelegate : Bootstrapping Spring Data JPA repositories in DEFAULT mode.
2022-12-22T21:46:51.923+05:00  INFO 8076 --- [main] .s.d.r.c.RepositoryConfigurationDelegate : Finished Spring Data repository scanning in 128 ms. Found 5 JPA repository interfaces.
2022-12-22T21:46:53.330+05:00  INFO 8076 --- [main] o.s.b.w.embedded.tomcat.TomcatWebServer  : Tomcat initialized with port(s): 7070 (http)
2022-12-22T21:46:53.347+05:00  INFO 8076 --- [main] o.apache.catalina.core.StandardService   : Starting service [Tomcat]
2022-12-22T21:46:53.348+05:00  INFO 8076 --- [main] o.apache.catalina.core.StandardEngine    : Starting Servlet engine: [Apache Tomcat/10.1.1]
2022-12-22T21:46:53.588+05:00  INFO 8076 --- [main] o.a.c.c.C.[Tomcat].[localhost].[/]       : Initializing Spring embedded WebApplicationContext
2022-12-22T21:46:53.591+05:00  INFO 8076 --- [main] w.s.c.ServletWebServerApplicationContext : Root WebApplicationContext: initialization completed in 4293 ms
2022-12-22T21:46:53.893+05:00  INFO 8076 --- [main] o.hibernate.jpa.internal.util.LogHelper  : HHH000204: Processing PersistenceUnitInfo [name: default]
2022-12-22T21:46:53.975+05:00  INFO 8076 --- [main] org.hibernate.Version                    : HHH000412: Hibernate ORM core version 6.1.5.Final
2022-12-22T21:46:54.246+05:00  WARN 8076 --- [main] org.hibernate.orm.deprecation            : HHH90000021: Encountered deprecated setting [javax.persistence.sharedCache.mode], use [jakarta.persistence.sharedCache.mode] instead
2022-12-22T21:46:54.535+05:00  INFO 8076 --- [main] com.zaxxer.hikari.HikariDataSource       : HikariPool-1 - Starting...
2022-12-22T21:46:56.628+05:00  INFO 8076 --- [main] com.zaxxer.hikari.pool.HikariPool        : HikariPool-1 - Added connection org.postgresql.jdbc.PgConnection@6f0a4e30
2022-12-22T21:46:56.635+05:00  INFO 8076 --- [main] com.zaxxer.hikari.HikariDataSource       : HikariPool-1 - Start completed.
2022-12-22T21:46:56.957+05:00  INFO 8076 --- [main] SQL dialect                              : HHH000400: Using dialect: org.hibernate.dialect.PostgreSQLDialect
2022-12-22T21:46:59.987+05:00  WARN 8076 --- [main] o.h.engine.jdbc.spi.SqlExceptionHelper   : SQL Warning Code: 0, SQLState: 00000
2022-12-22T21:46:59.989+05:00  WARN 8076 --- [main] o.h.engine.jdbc.spi.SqlExceptionHelper   : constraint "uk_9d5dpsf2ufa6rjbi3y0elkdcd" of relation "profile" does not exist, skipping
2022-12-22T21:47:00.531+05:00  INFO 8076 --- [main] o.h.e.t.j.p.i.JtaPlatformInitiator       : HHH000490: Using JtaPlatform implementation: [org.hibernate.engine.transaction.jta.platform.internal.NoJtaPlatform]
2022-12-22T21:47:00.546+05:00  INFO 8076 --- [main] j.LocalContainerEntityManagerFactoryBean : Initialized JPA EntityManagerFactory for persistence unit 'default'
2022-12-22T21:47:01.145+05:00 DEBUG 8076 --- [main] c.e.youtube.config.security.JwtFilter    : Filter 'jwtFilter' configured for use
2022-12-22T21:47:01.597+05:00  WARN 8076 --- [main] JpaBaseConfiguration$JpaWebConfiguration : spring.jpa.open-in-view is enabled by default. Therefore, database queries may be performed during view rendering. Explicitly configure spring.jpa.open-in-view to disable this warning
2022-12-22T21:47:02.205+05:00  INFO 8076 --- [main] o.s.s.web.DefaultSecurityFilterChain     : Will secure any request with [org.springframework.security.web.session.DisableEncodeUrlFilter@7ff7e353, org.springframework.security.web.context.request.async.WebAsyncManagerIntegrationFilter@70680f88, org.springframework.security.web.context.SecurityContextHolderFilter@4779df3d, org.springframework.security.web.header.HeaderWriterFilter@77604a86, org.springframework.security.web.authentication.logout.LogoutFilter@2d2fe68a, com.example.youtube.config.security.JwtFilter@792b9dd3, org.springframework.security.web.savedrequest.RequestCacheAwareFilter@3ef7fb04, org.springframework.security.web.servletapi.SecurityContextHolderAwareRequestFilter@2446be5f, org.springframework.security.web.authentication.AnonymousAuthenticationFilter@7f7f544a, org.springframework.security.web.access.ExceptionTranslationFilter@62977afb, org.springframework.security.web.access.intercept.AuthorizationFilter@7d0e43d6]
2022-12-22T21:47:02.768+05:00  INFO 8076 --- [main] o.s.b.w.embedded.tomcat.TomcatWebServer  : Tomcat started on port(s): 7070 (http) with context path ''
2022-12-22T21:47:02.786+05:00  INFO 8076 --- [main] com.example.youtube.YouTubeApplication   : Started YouTubeApplication in 15.143 seconds (process running for 16.476)
2022-12-22T21:47:02.906+05:00  INFO 8076 --- [main] o.f.c.internal.license.VersionPrinter    : Flyway Community Edition 9.5.1 by Redgate
2022-12-22T21:47:02.906+05:00  INFO 8076 --- [main] o.f.c.internal.license.VersionPrinter    : See what's new here: https://flywaydb.org/documentation/learnmore/releaseNotes#9.5.1
2022-12-22T21:47:02.907+05:00  INFO 8076 --- [main] o.f.c.internal.license.VersionPrinter    : 
2022-12-22T21:47:03.281+05:00  INFO 8076 --- [main] o.f.c.i.database.base.BaseDatabaseType   : Database: jdbc:postgresql://beecqlhnrlklgkysp7lf-postgresql.services.clever-cloud.com:5432/beecqlhnrlklgkysp7lf (PostgreSQL 11.12)
2022-12-22T21:47:04.608+05:00  INFO 8076 --- [main] o.f.core.internal.command.DbValidate     : Successfully validated 1 migration (execution time 00:00.393s)
2022-12-22T21:47:05.851+05:00  INFO 8076 --- [main] o.f.c.i.s.JdbcTableSchemaHistory         : Creating Schema History table "public"."flyway_schema_history" with baseline ...
2022-12-22T21:47:06.968+05:00  INFO 8076 --- [main] o.f.core.internal.command.DbBaseline     : Successfully baselined schema with version: 1
2022-12-22T21:47:08.243+05:00  INFO 8076 --- [main] o.f.core.internal.command.DbMigrate      : Current version of schema "public": 1
2022-12-22T21:47:08.351+05:00  INFO 8076 --- [main] o.f.core.internal.command.DbMigrate      : Schema "public" is up to date. No migration necessary.
2022-12-22T21:50:26.567+05:00  INFO 8076 --- [http-nio-7070-exec-1] o.a.c.c.C.[Tomcat].[localhost].[/]       : Initializing Spring DispatcherServlet 'dispatcherServlet'
2022-12-22T21:50:26.568+05:00  INFO 8076 --- [http-nio-7070-exec-1] o.s.web.servlet.DispatcherServlet        : Initializing Servlet 'dispatcherServlet'
2022-12-22T21:50:26.571+05:00  INFO 8076 --- [http-nio-7070-exec-1] o.s.web.servlet.DispatcherServlet        : Completed initialization in 2 ms
2022-12-22T21:50:26.863+05:00  INFO 8076 --- [http-nio-7070-exec-1] c.e.youtube.controller.AuthController    :  Login :  email adminceek@gmail.com 
2022-12-22T21:50:34.558+05:00  INFO 8076 --- [http-nio-7070-exec-2] c.e.youtube.controller.AuthController    :  Login :  email nazarovazimjon888@gmail.com 
2022-12-22T21:50:39.887+05:00  INFO 8076 --- [http-nio-7070-exec-3] c.e.youtube.controller.AuthController    : Registration : email nazarovazimjon888@gmail.com, name Azimjon
2022-12-22T21:50:42.588+05:00 ERROR 8076 --- [http-nio-7070-exec-3] o.a.c.c.C.[.[.[/].[dispatcherServlet]    : Servlet.service() for servlet [dispatcherServlet] in context with path [] threw exception [Request processing failed: org.springframework.mail.MailSendException: Failed messages: com.sun.mail.smtp.SMTPSendFailedException: 550 spam message rejected. Please visit http://help.mail.ru/notspam-support/id?c=z4s4ZYeigj7Vh1RpwVVcTHq79MirtF5gTmQ_p-MoCZLsp14u7MpoYBUAAADJeAEAcTHKCw~~ or  report details to abuse@corp.mail.ru. Error code: 65388BCF3E82A287695487D54C5C55C1C8F4BB7A605EB4ABA73F644E920928E32E5EA7EC6068CAEC. ID: 00000015000178C90BCA3171.
; message exceptions (1) are:
Failed message 1: com.sun.mail.smtp.SMTPSendFailedException: 550 spam message rejected. Please visit http://help.mail.ru/notspam-support/id?c=z4s4ZYeigj7Vh1RpwVVcTHq79MirtF5gTmQ_p-MoCZLsp14u7MpoYBUAAADJeAEAcTHKCw~~ or  report details to abuse@corp.mail.ru. Error code: 65388BCF3E82A287695487D54C5C55C1C8F4BB7A605EB4ABA73F644E920928E32E5EA7EC6068CAEC. ID: 00000015000178C90BCA3171.
] with root cause

org.springframework.mail.MailSendException: Failed messages: com.sun.mail.smtp.SMTPSendFailedException: 550 spam message rejected. Please visit http://help.mail.ru/notspam-support/id?c=z4s4ZYeigj7Vh1RpwVVcTHq79MirtF5gTmQ_p-MoCZLsp14u7MpoYBUAAADJeAEAcTHKCw~~ or  report details to abuse@corp.mail.ru. Error code: 65388BCF3E82A287695487D54C5C55C1C8F4BB7A605EB4ABA73F644E920928E32E5EA7EC6068CAEC. ID: 00000015000178C90BCA3171.

	at org.springframework.mail.javamail.JavaMailSenderImpl.doSend(JavaMailSenderImpl.java:491) ~[spring-context-support-6.0.2.jar:6.0.2]
	at org.springframework.mail.javamail.JavaMailSenderImpl.send(JavaMailSenderImpl.java:323) ~[spring-context-support-6.0.2.jar:6.0.2]
	at org.springframework.mail.javamail.JavaMailSenderImpl.send(JavaMailSenderImpl.java:312) ~[spring-context-support-6.0.2.jar:6.0.2]
	at com.example.youtube.service.MailService.sendEmail(MailService.java:26) ~[classes/:na]
	at com.example.youtube.service.AuthService$1.start(AuthService.java:83) ~[classes/:na]
	at com.example.youtube.service.AuthService.registration(AuthService.java:93) ~[classes/:na]
	at com.example.youtube.controller.AuthController.registration(AuthController.java:35) ~[classes/:na]
	at java.base/jdk.internal.reflect.DirectMethodHandleAccessor.invoke(DirectMethodHandleAccessor.java:104) ~[na:na]
	at java.base/java.lang.reflect.Method.invoke(Method.java:577) ~[na:na]
	at org.springframework.web.method.support.InvocableHandlerMethod.doInvoke(InvocableHandlerMethod.java:207) ~[spring-web-6.0.2.jar:6.0.2]
	at org.springframework.web.method.support.InvocableHandlerMethod.invokeForRequest(InvocableHandlerMethod.java:152) ~[spring-web-6.0.2.jar:6.0.2]
	at org.springframework.web.servlet.mvc.method.annotation.ServletInvocableHandlerMethod.invokeAndHandle(ServletInvocableHandlerMethod.java:117) ~[spring-webmvc-6.0.2.jar:6.0.2]
	at org.springframework.web.servlet.mvc.method.annotation.RequestMappingHandlerAdapter.invokeHandlerMethod(RequestMappingHandlerAdapter.java:884) ~[spring-webmvc-6.0.2.jar:6.0.2]
	at org.springframework.web.servlet.mvc.method.annotation.RequestMappingHandlerAdapter.handleInternal(RequestMappingHandlerAdapter.java:797) ~[spring-webmvc-6.0.2.jar:6.0.2]
	at org.springframework.web.servlet.mvc.method.AbstractHandlerMethodAdapter.handle(AbstractHandlerMethodAdapter.java:87) ~[spring-webmvc-6.0.2.jar:6.0.2]
	at org.springframework.web.servlet.DispatcherServlet.doDispatch(DispatcherServlet.java:1080) ~[spring-webmvc-6.0.2.jar:6.0.2]
	at org.springframework.web.servlet.DispatcherServlet.doService(DispatcherServlet.java:973) ~[spring-webmvc-6.0.2.jar:6.0.2]
	at org.springframework.web.servlet.FrameworkServlet.processRequest(FrameworkServlet.java:1003) ~[spring-webmvc-6.0.2.jar:6.0.2]
	at org.springframework.web.servlet.FrameworkServlet.doPost(FrameworkServlet.java:906) ~[spring-webmvc-6.0.2.jar:6.0.2]
	at jakarta.servlet.http.HttpServlet.service(HttpServlet.java:731) ~[tomcat-embed-core-10.1.1.jar:6.0]
	at org.springframework.web.servlet.FrameworkServlet.service(FrameworkServlet.java:880) ~[spring-webmvc-6.0.2.jar:6.0.2]
	at jakarta.servlet.http.HttpServlet.service(HttpServlet.java:814) ~[tomcat-embed-core-10.1.1.jar:6.0]
	at org.apache.catalina.core.ApplicationFilterChain.internalDoFilter(ApplicationFilterChain.java:223) ~[tomcat-embed-core-10.1.1.jar:10.1.1]
	at org.apache.catalina.core.ApplicationFilterChain.doFilter(ApplicationFilterChain.java:158) ~[tomcat-embed-core-10.1.1.jar:10.1.1]
	at org.apache.tomcat.websocket.server.WsFilter.doFilter(WsFilter.java:53) ~[tomcat-embed-websocket-10.1.1.jar:10.1.1]
	at org.apache.catalina.core.ApplicationFilterChain.internalDoFilter(ApplicationFilterChain.java:185) ~[tomcat-embed-core-10.1.1.jar:10.1.1]
	at org.apache.catalina.core.ApplicationFilterChain.doFilter(ApplicationFilterChain.java:158) ~[tomcat-embed-core-10.1.1.jar:10.1.1]
	at org.springframework.web.filter.OncePerRequestFilter.doFilter(OncePerRequestFilter.java:110) ~[spring-web-6.0.2.jar:6.0.2]
	at org.apache.catalina.core.ApplicationFilterChain.internalDoFilter(ApplicationFilterChain.java:185) ~[tomcat-embed-core-10.1.1.jar:10.1.1]
	at org.apache.catalina.core.ApplicationFilterChain.doFilter(ApplicationFilterChain.java:158) ~[tomcat-embed-core-10.1.1.jar:10.1.1]
	at org.springframework.security.web.FilterChainProxy.lambda$doFilterInternal$3(FilterChainProxy.java:231) ~[spring-security-web-6.0.0.jar:6.0.0]
	at org.springframework.security.web.FilterChainProxy$VirtualFilterChain.doFilter(FilterChainProxy.java:365) ~[spring-security-web-6.0.0.jar:6.0.0]
	at org.springframework.security.web.access.intercept.AuthorizationFilter.doFilter(AuthorizationFilter.java:100) ~[spring-security-web-6.0.0.jar:6.0.0]
	at org.springframework.security.web.FilterChainProxy$VirtualFilterChain.doFilter(FilterChainProxy.java:374) ~[spring-security-web-6.0.0.jar:6.0.0]
	at org.springframework.security.web.access.ExceptionTranslationFilter.doFilter(ExceptionTranslationFilter.java:126) ~[spring-security-web-6.0.0.jar:6.0.0]
	at org.springframework.security.web.access.ExceptionTranslationFilter.doFilter(ExceptionTranslationFilter.java:120) ~[spring-security-web-6.0.0.jar:6.0.0]
	at org.springframework.security.web.FilterChainProxy$VirtualFilterChain.doFilter(FilterChainProxy.java:374) ~[spring-security-web-6.0.0.jar:6.0.0]
	at org.springframework.security.web.authentication.AnonymousAuthenticationFilter.doFilter(AnonymousAuthenticationFilter.java:100) ~[spring-security-web-6.0.0.jar:6.0.0]
	at org.springframework.security.web.FilterChainProxy$VirtualFilterChain.doFilter(FilterChainProxy.java:374) ~[spring-security-web-6.0.0.jar:6.0.0]
	at org.springframework.security.web.servletapi.SecurityContextHolderAwareRequestFilter.doFilter(SecurityContextHolderAwareRequestFilter.java:179) ~[spring-security-web-6.0.0.jar:6.0.0]
	at org.springframework.security.web.FilterChainProxy$VirtualFilterChain.doFilter(FilterChainProxy.java:374) ~[spring-security-web-6.0.0.jar:6.0.0]
	at org.springframework.security.web.savedrequest.RequestCacheAwareFilter.doFilter(RequestCacheAwareFilter.java:63) ~[spring-security-web-6.0.0.jar:6.0.0]
	at org.springframework.security.web.FilterChainProxy$VirtualFilterChain.doFilter(FilterChainProxy.java:374) ~[spring-security-web-6.0.0.jar:6.0.0]
	at com.example.youtube.config.security.JwtFilter.doFilterInternal(JwtFilter.java:37) ~[classes/:na]
	at org.springframework.web.filter.OncePerRequestFilter.doFilter(OncePerRequestFilter.java:116) ~[spring-web-6.0.2.jar:6.0.2]
	at org.springframework.security.web.FilterChainProxy$VirtualFilterChain.doFilter(FilterChainProxy.java:374) ~[spring-security-web-6.0.0.jar:6.0.0]
	at org.springframework.security.web.authentication.logout.LogoutFilter.doFilter(LogoutFilter.java:107) ~[spring-security-web-6.0.0.jar:6.0.0]
	at org.springframework.security.web.authentication.logout.LogoutFilter.doFilter(LogoutFilter.java:93) ~[spring-security-web-6.0.0.jar:6.0.0]
	at org.springframework.security.web.FilterChainProxy$VirtualFilterChain.doFilter(FilterChainProxy.java:374) ~[spring-security-web-6.0.0.jar:6.0.0]
	at org.springframework.security.web.header.HeaderWriterFilter.doHeadersAfter(HeaderWriterFilter.java:90) ~[spring-security-web-6.0.0.jar:6.0.0]
	at org.springframework.security.web.header.HeaderWriterFilter.doFilterInternal(HeaderWriterFilter.java:75) ~[spring-security-web-6.0.0.jar:6.0.0]
	at org.springframework.web.filter.OncePerRequestFilter.doFilter(OncePerRequestFilter.java:116) ~[spring-web-6.0.2.jar:6.0.2]
	at org.springframework.security.web.FilterChainProxy$VirtualFilterChain.doFilter(FilterChainProxy.java:374) ~[spring-security-web-6.0.0.jar:6.0.0]
	at org.springframework.security.web.context.SecurityContextHolderFilter.doFilterInternal(SecurityContextHolderFilter.java:69) ~[spring-security-web-6.0.0.jar:6.0.0]
	at org.springframework.web.filter.OncePerRequestFilter.doFilter(OncePerRequestFilter.java:116) ~[spring-web-6.0.2.jar:6.0.2]
	at org.springframework.security.web.FilterChainProxy$VirtualFilterChain.doFilter(FilterChainProxy.java:374) ~[spring-security-web-6.0.0.jar:6.0.0]
	at org.springframework.security.web.context.request.async.WebAsyncManagerIntegrationFilter.doFilterInternal(WebAsyncManagerIntegrationFilter.java:62) ~[spring-security-web-6.0.0.jar:6.0.0]
	at org.springframework.web.filter.OncePerRequestFilter.doFilter(OncePerRequestFilter.java:116) ~[spring-web-6.0.2.jar:6.0.2]
	at org.springframework.security.web.FilterChainProxy$VirtualFilterChain.doFilter(FilterChainProxy.java:374) ~[spring-security-web-6.0.0.jar:6.0.0]
	at org.springframework.security.web.session.DisableEncodeUrlFilter.doFilterInternal(DisableEncodeUrlFilter.java:42) ~[spring-security-web-6.0.0.jar:6.0.0]
	at org.springframework.web.filter.OncePerRequestFilter.doFilter(OncePerRequestFilter.java:116) ~[spring-web-6.0.2.jar:6.0.2]
	at org.springframework.security.web.FilterChainProxy$VirtualFilterChain.doFilter(FilterChainProxy.java:374) ~[spring-security-web-6.0.0.jar:6.0.0]
	at org.springframework.security.web.FilterChainProxy.doFilterInternal(FilterChainProxy.java:233) ~[spring-security-web-6.0.0.jar:6.0.0]
	at org.springframework.security.web.FilterChainProxy.doFilter(FilterChainProxy.java:191) ~[spring-security-web-6.0.0.jar:6.0.0]
	at org.springframework.web.filter.DelegatingFilterProxy.invokeDelegate(DelegatingFilterProxy.java:351) ~[spring-web-6.0.2.jar:6.0.2]
	at org.springframework.web.filter.DelegatingFilterProxy.doFilter(DelegatingFilterProxy.java:267) ~[spring-web-6.0.2.jar:6.0.2]
	at org.apache.catalina.core.ApplicationFilterChain.internalDoFilter(ApplicationFilterChain.java:185) ~[tomcat-embed-core-10.1.1.jar:10.1.1]
	at org.apache.catalina.core.ApplicationFilterChain.doFilter(ApplicationFilterChain.java:158) ~[tomcat-embed-core-10.1.1.jar:10.1.1]
	at org.springframework.web.filter.RequestContextFilter.doFilterInternal(RequestContextFilter.java:100) ~[spring-web-6.0.2.jar:6.0.2]
	at org.springframework.web.filter.OncePerRequestFilter.doFilter(OncePerRequestFilter.java:116) ~[spring-web-6.0.2.jar:6.0.2]
	at org.apache.catalina.core.ApplicationFilterChain.internalDoFilter(ApplicationFilterChain.java:185) ~[tomcat-embed-core-10.1.1.jar:10.1.1]
	at org.apache.catalina.core.ApplicationFilterChain.doFilter(ApplicationFilterChain.java:158) ~[tomcat-embed-core-10.1.1.jar:10.1.1]
	at org.springframework.web.filter.FormContentFilter.doFilterInternal(FormContentFilter.java:93) ~[spring-web-6.0.2.jar:6.0.2]
	at org.springframework.web.filter.OncePerRequestFilter.doFilter(OncePerRequestFilter.java:116) ~[spring-web-6.0.2.jar:6.0.2]
	at org.apache.catalina.core.ApplicationFilterChain.internalDoFilter(ApplicationFilterChain.java:185) ~[tomcat-embed-core-10.1.1.jar:10.1.1]
	at org.apache.catalina.core.ApplicationFilterChain.doFilter(ApplicationFilterChain.java:158) ~[tomcat-embed-core-10.1.1.jar:10.1.1]
	at org.springframework.web.filter.CharacterEncodingFilter.doFilterInternal(CharacterEncodingFilter.java:201) ~[spring-web-6.0.2.jar:6.0.2]
	at org.springframework.web.filter.OncePerRequestFilter.doFilter(OncePerRequestFilter.java:116) ~[spring-web-6.0.2.jar:6.0.2]
	at org.apache.catalina.core.ApplicationFilterChain.internalDoFilter(ApplicationFilterChain.java:185) ~[tomcat-embed-core-10.1.1.jar:10.1.1]
	at org.apache.catalina.core.ApplicationFilterChain.doFilter(ApplicationFilterChain.java:158) ~[tomcat-embed-core-10.1.1.jar:10.1.1]
	at org.apache.catalina.core.StandardWrapperValve.invoke(StandardWrapperValve.java:197) ~[tomcat-embed-core-10.1.1.jar:10.1.1]
	at org.apache.catalina.core.StandardContextValve.invoke(StandardContextValve.java:97) ~[tomcat-embed-core-10.1.1.jar:10.1.1]
	at org.apache.catalina.authenticator.AuthenticatorBase.invoke(AuthenticatorBase.java:542) ~[tomcat-embed-core-10.1.1.jar:10.1.1]
	at org.apache.catalina.core.StandardHostValve.invoke(StandardHostValve.java:119) ~[tomcat-embed-core-10.1.1.jar:10.1.1]
	at org.apache.catalina.valves.ErrorReportValve.invoke(ErrorReportValve.java:92) ~[tomcat-embed-core-10.1.1.jar:10.1.1]
	at org.apache.catalina.core.StandardEngineValve.invoke(StandardEngineValve.java:78) ~[tomcat-embed-core-10.1.1.jar:10.1.1]
	at org.apache.catalina.connector.CoyoteAdapter.service(CoyoteAdapter.java:357) ~[tomcat-embed-core-10.1.1.jar:10.1.1]
	at org.apache.coyote.http11.Http11Processor.service(Http11Processor.java:400) ~[tomcat-embed-core-10.1.1.jar:10.1.1]
	at org.apache.coyote.AbstractProcessorLight.process(AbstractProcessorLight.java:65) ~[tomcat-embed-core-10.1.1.jar:10.1.1]
	at org.apache.coyote.AbstractProtocol$ConnectionHandler.process(AbstractProtocol.java:861) ~[tomcat-embed-core-10.1.1.jar:10.1.1]
	at org.apache.tomcat.util.net.NioEndpoint$SocketProcessor.doRun(NioEndpoint.java:1739) ~[tomcat-embed-core-10.1.1.jar:10.1.1]
	at org.apache.tomcat.util.net.SocketProcessorBase.run(SocketProcessorBase.java:52) ~[tomcat-embed-core-10.1.1.jar:10.1.1]
	at org.apache.tomcat.util.threads.ThreadPoolExecutor.runWorker(ThreadPoolExecutor.java:1191) ~[tomcat-embed-core-10.1.1.jar:10.1.1]
	at org.apache.tomcat.util.threads.ThreadPoolExecutor$Worker.run(ThreadPoolExecutor.java:659) ~[tomcat-embed-core-10.1.1.jar:10.1.1]
	at org.apache.tomcat.util.threads.TaskThread$WrappingRunnable.run(TaskThread.java:61) ~[tomcat-embed-core-10.1.1.jar:10.1.1]
	at java.base/java.lang.Thread.run(Thread.java:833) ~[na:na]

2022-12-22T21:50:46.116+05:00  INFO 8076 --- [http-nio-7070-exec-4] c.e.youtube.controller.AuthController    :  Login :  email nazarovazimjon888@gmail.com 
2022-12-22T22:02:59.388+05:00  INFO 8076 --- [SpringApplicationShutdownHook] j.LocalContainerEntityManagerFactoryBean : Closing JPA EntityManagerFactory for persistence unit 'default'
2022-12-22T22:02:59.400+05:00  INFO 8076 --- [SpringApplicationShutdownHook] com.zaxxer.hikari.HikariDataSource       : HikariPool-1 - Shutdown initiated...
2022-12-22T22:03:00.701+05:00  INFO 8076 --- [SpringApplicationShutdownHook] com.zaxxer.hikari.HikariDataSource       : HikariPool-1 - Shutdown completed.
2022-12-22T22:06:59.747+05:00  INFO 1548 --- [main] com.example.youtube.YouTubeApplication   : Starting YouTubeApplication using Java 18.0.2.1 with PID 1548 (E:\Java\2-modul\YouTube\target\classes started by User in E:\Java\2-modul\YouTube)
2022-12-22T22:06:59.885+05:00 DEBUG 1548 --- [main] com.example.youtube.YouTubeApplication   : Running with Spring Boot v3.0.0, Spring v6.0.2
2022-12-22T22:06:59.887+05:00  INFO 1548 --- [main] com.example.youtube.YouTubeApplication   : No active profile set, falling back to 1 default profile: "default"
2022-12-22T22:07:05.507+05:00  INFO 1548 --- [main] .s.d.r.c.RepositoryConfigurationDelegate : Bootstrapping Spring Data JPA repositories in DEFAULT mode.
2022-12-22T22:07:05.747+05:00  INFO 1548 --- [main] .s.d.r.c.RepositoryConfigurationDelegate : Finished Spring Data repository scanning in 204 ms. Found 5 JPA repository interfaces.
2022-12-22T22:07:07.573+05:00  INFO 1548 --- [main] o.s.b.w.embedded.tomcat.TomcatWebServer  : Tomcat initialized with port(s): 7070 (http)
2022-12-22T22:07:07.596+05:00  INFO 1548 --- [main] o.apache.catalina.core.StandardService   : Starting service [Tomcat]
2022-12-22T22:07:07.597+05:00  INFO 1548 --- [main] o.apache.catalina.core.StandardEngine    : Starting Servlet engine: [Apache Tomcat/10.1.1]
2022-12-22T22:07:07.829+05:00  INFO 1548 --- [main] o.a.c.c.C.[Tomcat].[localhost].[/]       : Initializing Spring embedded WebApplicationContext
2022-12-22T22:07:07.830+05:00  INFO 1548 --- [main] w.s.c.ServletWebServerApplicationContext : Root WebApplicationContext: initialization completed in 7659 ms
2022-12-22T22:07:08.240+05:00  INFO 1548 --- [main] o.hibernate.jpa.internal.util.LogHelper  : HHH000204: Processing PersistenceUnitInfo [name: default]
2022-12-22T22:07:08.367+05:00  INFO 1548 --- [main] org.hibernate.Version                    : HHH000412: Hibernate ORM core version 6.1.5.Final
2022-12-22T22:07:08.854+05:00  WARN 1548 --- [main] org.hibernate.orm.deprecation            : HHH90000021: Encountered deprecated setting [javax.persistence.sharedCache.mode], use [jakarta.persistence.sharedCache.mode] instead
2022-12-22T22:07:09.070+05:00  INFO 1548 --- [main] com.zaxxer.hikari.HikariDataSource       : HikariPool-1 - Starting...
2022-12-22T22:07:11.212+05:00  INFO 1548 --- [main] com.zaxxer.hikari.pool.HikariPool        : HikariPool-1 - Added connection org.postgresql.jdbc.PgConnection@734a149a
2022-12-22T22:07:11.219+05:00  INFO 1548 --- [main] com.zaxxer.hikari.HikariDataSource       : HikariPool-1 - Start completed.
2022-12-22T22:07:11.591+05:00  INFO 1548 --- [main] SQL dialect                              : HHH000400: Using dialect: org.hibernate.dialect.PostgreSQLDialect
2022-12-22T22:07:14.720+05:00  WARN 1548 --- [main] o.h.engine.jdbc.spi.SqlExceptionHelper   : SQL Warning Code: 0, SQLState: 00000
2022-12-22T22:07:14.720+05:00  WARN 1548 --- [main] o.h.engine.jdbc.spi.SqlExceptionHelper   : constraint "uk_9d5dpsf2ufa6rjbi3y0elkdcd" of relation "profile" does not exist, skipping
2022-12-22T22:07:15.362+05:00  INFO 1548 --- [main] o.h.e.t.j.p.i.JtaPlatformInitiator       : HHH000490: Using JtaPlatform implementation: [org.hibernate.engine.transaction.jta.platform.internal.NoJtaPlatform]
2022-12-22T22:07:15.379+05:00  INFO 1548 --- [main] j.LocalContainerEntityManagerFactoryBean : Initialized JPA EntityManagerFactory for persistence unit 'default'
2022-12-22T22:07:15.935+05:00 DEBUG 1548 --- [main] c.e.youtube.config.security.JwtFilter    : Filter 'jwtFilter' configured for use
2022-12-22T22:07:16.345+05:00  WARN 1548 --- [main] JpaBaseConfiguration$JpaWebConfiguration : spring.jpa.open-in-view is enabled by default. Therefore, database queries may be performed during view rendering. Explicitly configure spring.jpa.open-in-view to disable this warning
2022-12-22T22:07:17.009+05:00  INFO 1548 --- [main] o.s.s.web.DefaultSecurityFilterChain     : Will secure any request with [org.springframework.security.web.session.DisableEncodeUrlFilter@65fe1f47, org.springframework.security.web.context.request.async.WebAsyncManagerIntegrationFilter@4afdb05e, org.springframework.security.web.context.SecurityContextHolderFilter@12948e7a, org.springframework.security.web.header.HeaderWriterFilter@7e24a2e2, org.springframework.security.web.authentication.logout.LogoutFilter@9771c71, com.example.youtube.config.security.JwtFilter@558575fe, org.springframework.security.web.savedrequest.RequestCacheAwareFilter@7d12fb85, org.springframework.security.web.servletapi.SecurityContextHolderAwareRequestFilter@71db6703, org.springframework.security.web.authentication.AnonymousAuthenticationFilter@2165d4ab, org.springframework.security.web.access.ExceptionTranslationFilter@4c89c98a, org.springframework.security.web.access.intercept.AuthorizationFilter@2111d7b9]
2022-12-22T22:07:17.508+05:00  INFO 1548 --- [main] o.s.b.w.embedded.tomcat.TomcatWebServer  : Tomcat started on port(s): 7070 (http) with context path ''
2022-12-22T22:07:17.527+05:00  INFO 1548 --- [main] com.example.youtube.YouTubeApplication   : Started YouTubeApplication in 21.862 seconds (process running for 24.245)
2022-12-22T22:07:17.603+05:00  INFO 1548 --- [main] o.f.c.internal.license.VersionPrinter    : Flyway Community Edition 9.5.1 by Redgate
2022-12-22T22:07:17.604+05:00  INFO 1548 --- [main] o.f.c.internal.license.VersionPrinter    : See what's new here: https://flywaydb.org/documentation/learnmore/releaseNotes#9.5.1
2022-12-22T22:07:17.604+05:00  INFO 1548 --- [main] o.f.c.internal.license.VersionPrinter    : 
2022-12-22T22:07:17.967+05:00  INFO 1548 --- [main] o.f.c.i.database.base.BaseDatabaseType   : Database: jdbc:postgresql://b7y2xkuuanigrroxy6ge-postgresql.services.clever-cloud.com:5432/b7y2xkuuanigrroxy6ge (PostgreSQL 11.12)
2022-12-22T22:07:19.596+05:00  INFO 1548 --- [main] o.f.core.internal.command.DbValidate     : Successfully validated 1 migration (execution time 00:00.409s)
2022-12-22T22:07:20.895+05:00  INFO 1548 --- [main] o.f.c.i.s.JdbcTableSchemaHistory         : Creating Schema History table "public"."flyway_schema_history" with baseline ...
2022-12-22T22:07:22.287+05:00  INFO 1548 --- [main] o.f.core.internal.command.DbBaseline     : Successfully baselined schema with version: 1
2022-12-22T22:07:23.791+05:00  INFO 1548 --- [main] o.f.core.internal.command.DbMigrate      : Current version of schema "public": 1
2022-12-22T22:07:23.995+05:00  INFO 1548 --- [main] o.f.core.internal.command.DbMigrate      : Schema "public" is up to date. No migration necessary.
2022-12-22T22:09:15.474+05:00  INFO 1548 --- [http-nio-7070-exec-1] o.a.c.c.C.[Tomcat].[localhost].[/]       : Initializing Spring DispatcherServlet 'dispatcherServlet'
2022-12-22T22:09:15.475+05:00  INFO 1548 --- [http-nio-7070-exec-1] o.s.web.servlet.DispatcherServlet        : Initializing Servlet 'dispatcherServlet'
2022-12-22T22:09:15.481+05:00  INFO 1548 --- [http-nio-7070-exec-1] o.s.web.servlet.DispatcherServlet        : Completed initialization in 5 ms
2022-12-22T22:09:15.693+05:00  INFO 1548 --- [http-nio-7070-exec-1] c.e.youtube.controller.AuthController    :  Login :  email adminceek@gmail.com 
2022-12-22T22:09:20.116+05:00  INFO 1548 --- [http-nio-7070-exec-2] c.e.youtube.controller.AuthController    :  Login :  email nazarovazimjon888@gmail.com 
2022-12-22T22:09:23.832+05:00  INFO 1548 --- [http-nio-7070-exec-3] c.e.youtube.controller.AuthController    : Registration : email nazarovazimjon888@gmail.com, name Azimjon
2022-12-22T22:09:26.454+05:00 ERROR 1548 --- [http-nio-7070-exec-3] o.a.c.c.C.[.[.[/].[dispatcherServlet]    : Servlet.service() for servlet [dispatcherServlet] in context with path [] threw exception [Request processing failed: org.springframework.mail.MailSendException: Failed messages: com.sun.mail.smtp.SMTPSendFailedException: 550 spam message rejected. Please visit http://help.mail.ru/notspam-support/id?c=r2-TTvdM1Nz7cN6t9-T6dHq79MirtF5glfCqXLqzMTKuzubIEW6qOx4AAAA8cgEAMQAjIw~~ or  report details to abuse@corp.mail.ru. Error code: 4E936FAFDCD44CF7ADDE70FB74FAE4F7C8F4BB7A605EB4AB5CAAF0953231B3BAC8E6CEAE3BAA6E11. ID: 0000001E0001723C23230031.
; message exceptions (1) are:
Failed message 1: com.sun.mail.smtp.SMTPSendFailedException: 550 spam message rejected. Please visit http://help.mail.ru/notspam-support/id?c=r2-TTvdM1Nz7cN6t9-T6dHq79MirtF5glfCqXLqzMTKuzubIEW6qOx4AAAA8cgEAMQAjIw~~ or  report details to abuse@corp.mail.ru. Error code: 4E936FAFDCD44CF7ADDE70FB74FAE4F7C8F4BB7A605EB4AB5CAAF0953231B3BAC8E6CEAE3BAA6E11. ID: 0000001E0001723C23230031.
] with root cause

org.springframework.mail.MailSendException: Failed messages: com.sun.mail.smtp.SMTPSendFailedException: 550 spam message rejected. Please visit http://help.mail.ru/notspam-support/id?c=r2-TTvdM1Nz7cN6t9-T6dHq79MirtF5glfCqXLqzMTKuzubIEW6qOx4AAAA8cgEAMQAjIw~~ or  report details to abuse@corp.mail.ru. Error code: 4E936FAFDCD44CF7ADDE70FB74FAE4F7C8F4BB7A605EB4AB5CAAF0953231B3BAC8E6CEAE3BAA6E11. ID: 0000001E0001723C23230031.

	at org.springframework.mail.javamail.JavaMailSenderImpl.doSend(JavaMailSenderImpl.java:491) ~[spring-context-support-6.0.2.jar:6.0.2]
	at org.springframework.mail.javamail.JavaMailSenderImpl.send(JavaMailSenderImpl.java:323) ~[spring-context-support-6.0.2.jar:6.0.2]
	at org.springframework.mail.javamail.JavaMailSenderImpl.send(JavaMailSenderImpl.java:312) ~[spring-context-support-6.0.2.jar:6.0.2]
	at com.example.youtube.service.MailService.sendEmail(MailService.java:26) ~[classes/:na]
	at com.example.youtube.service.AuthService$1.start(AuthService.java:83) ~[classes/:na]
	at com.example.youtube.service.AuthService.registration(AuthService.java:93) ~[classes/:na]
	at com.example.youtube.controller.AuthController.registration(AuthController.java:35) ~[classes/:na]
	at java.base/jdk.internal.reflect.DirectMethodHandleAccessor.invoke(DirectMethodHandleAccessor.java:104) ~[na:na]
	at java.base/java.lang.reflect.Method.invoke(Method.java:577) ~[na:na]
	at org.springframework.web.method.support.InvocableHandlerMethod.doInvoke(InvocableHandlerMethod.java:207) ~[spring-web-6.0.2.jar:6.0.2]
	at org.springframework.web.method.support.InvocableHandlerMethod.invokeForRequest(InvocableHandlerMethod.java:152) ~[spring-web-6.0.2.jar:6.0.2]
	at org.springframework.web.servlet.mvc.method.annotation.ServletInvocableHandlerMethod.invokeAndHandle(ServletInvocableHandlerMethod.java:117) ~[spring-webmvc-6.0.2.jar:6.0.2]
	at org.springframework.web.servlet.mvc.method.annotation.RequestMappingHandlerAdapter.invokeHandlerMethod(RequestMappingHandlerAdapter.java:884) ~[spring-webmvc-6.0.2.jar:6.0.2]
	at org.springframework.web.servlet.mvc.method.annotation.RequestMappingHandlerAdapter.handleInternal(RequestMappingHandlerAdapter.java:797) ~[spring-webmvc-6.0.2.jar:6.0.2]
	at org.springframework.web.servlet.mvc.method.AbstractHandlerMethodAdapter.handle(AbstractHandlerMethodAdapter.java:87) ~[spring-webmvc-6.0.2.jar:6.0.2]
	at org.springframework.web.servlet.DispatcherServlet.doDispatch(DispatcherServlet.java:1080) ~[spring-webmvc-6.0.2.jar:6.0.2]
	at org.springframework.web.servlet.DispatcherServlet.doService(DispatcherServlet.java:973) ~[spring-webmvc-6.0.2.jar:6.0.2]
	at org.springframework.web.servlet.FrameworkServlet.processRequest(FrameworkServlet.java:1003) ~[spring-webmvc-6.0.2.jar:6.0.2]
	at org.springframework.web.servlet.FrameworkServlet.doPost(FrameworkServlet.java:906) ~[spring-webmvc-6.0.2.jar:6.0.2]
	at jakarta.servlet.http.HttpServlet.service(HttpServlet.java:731) ~[tomcat-embed-core-10.1.1.jar:6.0]
	at org.springframework.web.servlet.FrameworkServlet.service(FrameworkServlet.java:880) ~[spring-webmvc-6.0.2.jar:6.0.2]
	at jakarta.servlet.http.HttpServlet.service(HttpServlet.java:814) ~[tomcat-embed-core-10.1.1.jar:6.0]
	at org.apache.catalina.core.ApplicationFilterChain.internalDoFilter(ApplicationFilterChain.java:223) ~[tomcat-embed-core-10.1.1.jar:10.1.1]
	at org.apache.catalina.core.ApplicationFilterChain.doFilter(ApplicationFilterChain.java:158) ~[tomcat-embed-core-10.1.1.jar:10.1.1]
	at org.apache.tomcat.websocket.server.WsFilter.doFilter(WsFilter.java:53) ~[tomcat-embed-websocket-10.1.1.jar:10.1.1]
	at org.apache.catalina.core.ApplicationFilterChain.internalDoFilter(ApplicationFilterChain.java:185) ~[tomcat-embed-core-10.1.1.jar:10.1.1]
	at org.apache.catalina.core.ApplicationFilterChain.doFilter(ApplicationFilterChain.java:158) ~[tomcat-embed-core-10.1.1.jar:10.1.1]
	at org.springframework.web.filter.OncePerRequestFilter.doFilter(OncePerRequestFilter.java:110) ~[spring-web-6.0.2.jar:6.0.2]
	at org.apache.catalina.core.ApplicationFilterChain.internalDoFilter(ApplicationFilterChain.java:185) ~[tomcat-embed-core-10.1.1.jar:10.1.1]
	at org.apache.catalina.core.ApplicationFilterChain.doFilter(ApplicationFilterChain.java:158) ~[tomcat-embed-core-10.1.1.jar:10.1.1]
	at org.springframework.security.web.FilterChainProxy.lambda$doFilterInternal$3(FilterChainProxy.java:231) ~[spring-security-web-6.0.0.jar:6.0.0]
	at org.springframework.security.web.FilterChainProxy$VirtualFilterChain.doFilter(FilterChainProxy.java:365) ~[spring-security-web-6.0.0.jar:6.0.0]
	at org.springframework.security.web.access.intercept.AuthorizationFilter.doFilter(AuthorizationFilter.java:100) ~[spring-security-web-6.0.0.jar:6.0.0]
	at org.springframework.security.web.FilterChainProxy$VirtualFilterChain.doFilter(FilterChainProxy.java:374) ~[spring-security-web-6.0.0.jar:6.0.0]
	at org.springframework.security.web.access.ExceptionTranslationFilter.doFilter(ExceptionTranslationFilter.java:126) ~[spring-security-web-6.0.0.jar:6.0.0]
	at org.springframework.security.web.access.ExceptionTranslationFilter.doFilter(ExceptionTranslationFilter.java:120) ~[spring-security-web-6.0.0.jar:6.0.0]
	at org.springframework.security.web.FilterChainProxy$VirtualFilterChain.doFilter(FilterChainProxy.java:374) ~[spring-security-web-6.0.0.jar:6.0.0]
	at org.springframework.security.web.authentication.AnonymousAuthenticationFilter.doFilter(AnonymousAuthenticationFilter.java:100) ~[spring-security-web-6.0.0.jar:6.0.0]
	at org.springframework.security.web.FilterChainProxy$VirtualFilterChain.doFilter(FilterChainProxy.java:374) ~[spring-security-web-6.0.0.jar:6.0.0]
	at org.springframework.security.web.servletapi.SecurityContextHolderAwareRequestFilter.doFilter(SecurityContextHolderAwareRequestFilter.java:179) ~[spring-security-web-6.0.0.jar:6.0.0]
	at org.springframework.security.web.FilterChainProxy$VirtualFilterChain.doFilter(FilterChainProxy.java:374) ~[spring-security-web-6.0.0.jar:6.0.0]
	at org.springframework.security.web.savedrequest.RequestCacheAwareFilter.doFilter(RequestCacheAwareFilter.java:63) ~[spring-security-web-6.0.0.jar:6.0.0]
	at org.springframework.security.web.FilterChainProxy$VirtualFilterChain.doFilter(FilterChainProxy.java:374) ~[spring-security-web-6.0.0.jar:6.0.0]
	at com.example.youtube.config.security.JwtFilter.doFilterInternal(JwtFilter.java:37) ~[classes/:na]
	at org.springframework.web.filter.OncePerRequestFilter.doFilter(OncePerRequestFilter.java:116) ~[spring-web-6.0.2.jar:6.0.2]
	at org.springframework.security.web.FilterChainProxy$VirtualFilterChain.doFilter(FilterChainProxy.java:374) ~[spring-security-web-6.0.0.jar:6.0.0]
	at org.springframework.security.web.authentication.logout.LogoutFilter.doFilter(LogoutFilter.java:107) ~[spring-security-web-6.0.0.jar:6.0.0]
	at org.springframework.security.web.authentication.logout.LogoutFilter.doFilter(LogoutFilter.java:93) ~[spring-security-web-6.0.0.jar:6.0.0]
	at org.springframework.security.web.FilterChainProxy$VirtualFilterChain.doFilter(FilterChainProxy.java:374) ~[spring-security-web-6.0.0.jar:6.0.0]
	at org.springframework.security.web.header.HeaderWriterFilter.doHeadersAfter(HeaderWriterFilter.java:90) ~[spring-security-web-6.0.0.jar:6.0.0]
	at org.springframework.security.web.header.HeaderWriterFilter.doFilterInternal(HeaderWriterFilter.java:75) ~[spring-security-web-6.0.0.jar:6.0.0]
	at org.springframework.web.filter.OncePerRequestFilter.doFilter(OncePerRequestFilter.java:116) ~[spring-web-6.0.2.jar:6.0.2]
	at org.springframework.security.web.FilterChainProxy$VirtualFilterChain.doFilter(FilterChainProxy.java:374) ~[spring-security-web-6.0.0.jar:6.0.0]
	at org.springframework.security.web.context.SecurityContextHolderFilter.doFilterInternal(SecurityContextHolderFilter.java:69) ~[spring-security-web-6.0.0.jar:6.0.0]
	at org.springframework.web.filter.OncePerRequestFilter.doFilter(OncePerRequestFilter.java:116) ~[spring-web-6.0.2.jar:6.0.2]
	at org.springframework.security.web.FilterChainProxy$VirtualFilterChain.doFilter(FilterChainProxy.java:374) ~[spring-security-web-6.0.0.jar:6.0.0]
	at org.springframework.security.web.context.request.async.WebAsyncManagerIntegrationFilter.doFilterInternal(WebAsyncManagerIntegrationFilter.java:62) ~[spring-security-web-6.0.0.jar:6.0.0]
	at org.springframework.web.filter.OncePerRequestFilter.doFilter(OncePerRequestFilter.java:116) ~[spring-web-6.0.2.jar:6.0.2]
	at org.springframework.security.web.FilterChainProxy$VirtualFilterChain.doFilter(FilterChainProxy.java:374) ~[spring-security-web-6.0.0.jar:6.0.0]
	at org.springframework.security.web.session.DisableEncodeUrlFilter.doFilterInternal(DisableEncodeUrlFilter.java:42) ~[spring-security-web-6.0.0.jar:6.0.0]
	at org.springframework.web.filter.OncePerRequestFilter.doFilter(OncePerRequestFilter.java:116) ~[spring-web-6.0.2.jar:6.0.2]
	at org.springframework.security.web.FilterChainProxy$VirtualFilterChain.doFilter(FilterChainProxy.java:374) ~[spring-security-web-6.0.0.jar:6.0.0]
	at org.springframework.security.web.FilterChainProxy.doFilterInternal(FilterChainProxy.java:233) ~[spring-security-web-6.0.0.jar:6.0.0]
	at org.springframework.security.web.FilterChainProxy.doFilter(FilterChainProxy.java:191) ~[spring-security-web-6.0.0.jar:6.0.0]
	at org.springframework.web.filter.DelegatingFilterProxy.invokeDelegate(DelegatingFilterProxy.java:351) ~[spring-web-6.0.2.jar:6.0.2]
	at org.springframework.web.filter.DelegatingFilterProxy.doFilter(DelegatingFilterProxy.java:267) ~[spring-web-6.0.2.jar:6.0.2]
	at org.apache.catalina.core.ApplicationFilterChain.internalDoFilter(ApplicationFilterChain.java:185) ~[tomcat-embed-core-10.1.1.jar:10.1.1]
	at org.apache.catalina.core.ApplicationFilterChain.doFilter(ApplicationFilterChain.java:158) ~[tomcat-embed-core-10.1.1.jar:10.1.1]
	at org.springframework.web.filter.RequestContextFilter.doFilterInternal(RequestContextFilter.java:100) ~[spring-web-6.0.2.jar:6.0.2]
	at org.springframework.web.filter.OncePerRequestFilter.doFilter(OncePerRequestFilter.java:116) ~[spring-web-6.0.2.jar:6.0.2]
	at org.apache.catalina.core.ApplicationFilterChain.internalDoFilter(ApplicationFilterChain.java:185) ~[tomcat-embed-core-10.1.1.jar:10.1.1]
	at org.apache.catalina.core.ApplicationFilterChain.doFilter(ApplicationFilterChain.java:158) ~[tomcat-embed-core-10.1.1.jar:10.1.1]
	at org.springframework.web.filter.FormContentFilter.doFilterInternal(FormContentFilter.java:93) ~[spring-web-6.0.2.jar:6.0.2]
	at org.springframework.web.filter.OncePerRequestFilter.doFilter(OncePerRequestFilter.java:116) ~[spring-web-6.0.2.jar:6.0.2]
	at org.apache.catalina.core.ApplicationFilterChain.internalDoFilter(ApplicationFilterChain.java:185) ~[tomcat-embed-core-10.1.1.jar:10.1.1]
	at org.apache.catalina.core.ApplicationFilterChain.doFilter(ApplicationFilterChain.java:158) ~[tomcat-embed-core-10.1.1.jar:10.1.1]
	at org.springframework.web.filter.CharacterEncodingFilter.doFilterInternal(CharacterEncodingFilter.java:201) ~[spring-web-6.0.2.jar:6.0.2]
	at org.springframework.web.filter.OncePerRequestFilter.doFilter(OncePerRequestFilter.java:116) ~[spring-web-6.0.2.jar:6.0.2]
	at org.apache.catalina.core.ApplicationFilterChain.internalDoFilter(ApplicationFilterChain.java:185) ~[tomcat-embed-core-10.1.1.jar:10.1.1]
	at org.apache.catalina.core.ApplicationFilterChain.doFilter(ApplicationFilterChain.java:158) ~[tomcat-embed-core-10.1.1.jar:10.1.1]
	at org.apache.catalina.core.StandardWrapperValve.invoke(StandardWrapperValve.java:197) ~[tomcat-embed-core-10.1.1.jar:10.1.1]
	at org.apache.catalina.core.StandardContextValve.invoke(StandardContextValve.java:97) ~[tomcat-embed-core-10.1.1.jar:10.1.1]
	at org.apache.catalina.authenticator.AuthenticatorBase.invoke(AuthenticatorBase.java:542) ~[tomcat-embed-core-10.1.1.jar:10.1.1]
	at org.apache.catalina.core.StandardHostValve.invoke(StandardHostValve.java:119) ~[tomcat-embed-core-10.1.1.jar:10.1.1]
	at org.apache.catalina.valves.ErrorReportValve.invoke(ErrorReportValve.java:92) ~[tomcat-embed-core-10.1.1.jar:10.1.1]
	at org.apache.catalina.core.StandardEngineValve.invoke(StandardEngineValve.java:78) ~[tomcat-embed-core-10.1.1.jar:10.1.1]
	at org.apache.catalina.connector.CoyoteAdapter.service(CoyoteAdapter.java:357) ~[tomcat-embed-core-10.1.1.jar:10.1.1]
	at org.apache.coyote.http11.Http11Processor.service(Http11Processor.java:400) ~[tomcat-embed-core-10.1.1.jar:10.1.1]
	at org.apache.coyote.AbstractProcessorLight.process(AbstractProcessorLight.java:65) ~[tomcat-embed-core-10.1.1.jar:10.1.1]
	at org.apache.coyote.AbstractProtocol$ConnectionHandler.process(AbstractProtocol.java:861) ~[tomcat-embed-core-10.1.1.jar:10.1.1]
	at org.apache.tomcat.util.net.NioEndpoint$SocketProcessor.doRun(NioEndpoint.java:1739) ~[tomcat-embed-core-10.1.1.jar:10.1.1]
	at org.apache.tomcat.util.net.SocketProcessorBase.run(SocketProcessorBase.java:52) ~[tomcat-embed-core-10.1.1.jar:10.1.1]
	at org.apache.tomcat.util.threads.ThreadPoolExecutor.runWorker(ThreadPoolExecutor.java:1191) ~[tomcat-embed-core-10.1.1.jar:10.1.1]
	at org.apache.tomcat.util.threads.ThreadPoolExecutor$Worker.run(ThreadPoolExecutor.java:659) ~[tomcat-embed-core-10.1.1.jar:10.1.1]
	at org.apache.tomcat.util.threads.TaskThread$WrappingRunnable.run(TaskThread.java:61) ~[tomcat-embed-core-10.1.1.jar:10.1.1]
	at java.base/java.lang.Thread.run(Thread.java:833) ~[na:na]

2022-12-22T22:09:28.204+05:00  INFO 1548 --- [http-nio-7070-exec-5] c.e.youtube.controller.AuthController    :  Login :  email nazarovazimjon888@gmail.com 
2022-12-22T22:09:38.017+05:00  INFO 1548 --- [SpringApplicationShutdownHook] j.LocalContainerEntityManagerFactoryBean : Closing JPA EntityManagerFactory for persistence unit 'default'
2022-12-22T22:09:38.021+05:00  INFO 1548 --- [SpringApplicationShutdownHook] com.zaxxer.hikari.HikariDataSource       : HikariPool-1 - Shutdown initiated...
2022-12-22T22:09:38.677+05:00  INFO 1548 --- [SpringApplicationShutdownHook] com.zaxxer.hikari.HikariDataSource       : HikariPool-1 - Shutdown completed.
