2022-12-23T18:23:17.411+05:00  INFO 7384 --- [main] com.example.youtube.YouTubeApplication   : Starting YouTubeApplication using Java 18.0.2.1 with PID 7384 (E:\Java\2-modul\YouTube\target\classes started by User in E:\Java\2-modul\YouTube)
2022-12-23T18:23:17.456+05:00 DEBUG 7384 --- [main] com.example.youtube.YouTubeApplication   : Running with Spring Boot v3.0.0, Spring v6.0.2
2022-12-23T18:23:17.458+05:00  INFO 7384 --- [main] com.example.youtube.YouTubeApplication   : No active profile set, falling back to 1 default profile: "default"
2022-12-23T18:23:19.059+05:00  INFO 7384 --- [main] .s.d.r.c.RepositoryConfigurationDelegate : Bootstrapping Spring Data JPA repositories in DEFAULT mode.
2022-12-23T18:23:19.142+05:00  INFO 7384 --- [main] .s.d.r.c.RepositoryConfigurationDelegate : Finished Spring Data repository scanning in 74 ms. Found 5 JPA repository interfaces.
2022-12-23T18:23:21.405+05:00  INFO 7384 --- [main] o.s.b.w.embedded.tomcat.TomcatWebServer  : Tomcat initialized with port(s): 7070 (http)
2022-12-23T18:23:21.430+05:00  INFO 7384 --- [main] o.apache.catalina.core.StandardService   : Starting service [Tomcat]
2022-12-23T18:23:21.431+05:00  INFO 7384 --- [main] o.apache.catalina.core.StandardEngine    : Starting Servlet engine: [Apache Tomcat/10.1.1]
2022-12-23T18:23:21.650+05:00  INFO 7384 --- [main] o.a.c.c.C.[Tomcat].[localhost].[/]       : Initializing Spring embedded WebApplicationContext
2022-12-23T18:23:21.651+05:00  INFO 7384 --- [main] w.s.c.ServletWebServerApplicationContext : Root WebApplicationContext: initialization completed in 4086 ms
2022-12-23T18:23:21.924+05:00  INFO 7384 --- [main] o.hibernate.jpa.internal.util.LogHelper  : HHH000204: Processing PersistenceUnitInfo [name: default]
2022-12-23T18:23:22.219+05:00  INFO 7384 --- [main] org.hibernate.Version                    : HHH000412: Hibernate ORM core version 6.1.5.Final
2022-12-23T18:23:23.377+05:00  WARN 7384 --- [main] org.hibernate.orm.deprecation            : HHH90000021: Encountered deprecated setting [javax.persistence.sharedCache.mode], use [jakarta.persistence.sharedCache.mode] instead
2022-12-23T18:23:23.857+05:00  INFO 7384 --- [main] com.zaxxer.hikari.HikariDataSource       : HikariPool-1 - Starting...
2022-12-23T18:23:27.578+05:00  INFO 7384 --- [main] com.zaxxer.hikari.pool.HikariPool        : HikariPool-1 - Added connection org.postgresql.jdbc.PgConnection@6cceb281
2022-12-23T18:23:27.584+05:00  INFO 7384 --- [main] com.zaxxer.hikari.HikariDataSource       : HikariPool-1 - Start completed.
2022-12-23T18:23:28.198+05:00  INFO 7384 --- [main] SQL dialect                              : HHH000400: Using dialect: org.hibernate.dialect.PostgreSQLDialect
2022-12-23T18:23:35.228+05:00  INFO 7384 --- [main] o.h.e.t.j.p.i.JtaPlatformInitiator       : HHH000490: Using JtaPlatform implementation: [org.hibernate.engine.transaction.jta.platform.internal.NoJtaPlatform]
2022-12-23T18:23:35.260+05:00  INFO 7384 --- [main] j.LocalContainerEntityManagerFactoryBean : Initialized JPA EntityManagerFactory for persistence unit 'default'
2022-12-23T18:23:37.456+05:00 DEBUG 7384 --- [main] c.e.youtube.config.security.JwtFilter    : Filter 'jwtFilter' configured for use
2022-12-23T18:23:38.052+05:00  WARN 7384 --- [main] JpaBaseConfiguration$JpaWebConfiguration : spring.jpa.open-in-view is enabled by default. Therefore, database queries may be performed during view rendering. Explicitly configure spring.jpa.open-in-view to disable this warning
2022-12-23T18:23:39.552+05:00  INFO 7384 --- [main] o.s.s.web.DefaultSecurityFilterChain     : Will secure any request with [org.springframework.security.web.session.DisableEncodeUrlFilter@485547ac, org.springframework.security.web.context.request.async.WebAsyncManagerIntegrationFilter@6d77d269, org.springframework.security.web.context.SecurityContextHolderFilter@6f12fca0, org.springframework.security.web.header.HeaderWriterFilter@73c1dda3, org.springframework.security.web.authentication.logout.LogoutFilter@39007725, com.example.youtube.config.security.JwtFilter@1e4a4ed5, org.springframework.security.web.savedrequest.RequestCacheAwareFilter@7d0e43d6, org.springframework.security.web.servletapi.SecurityContextHolderAwareRequestFilter@df04d12, org.springframework.security.web.authentication.AnonymousAuthenticationFilter@350d9d23, org.springframework.security.web.access.ExceptionTranslationFilter@2d2fe68a, org.springframework.security.web.access.intercept.AuthorizationFilter@6859bbd4]
2022-12-23T18:23:41.004+05:00  INFO 7384 --- [main] o.s.b.w.embedded.tomcat.TomcatWebServer  : Tomcat started on port(s): 7070 (http) with context path ''
2022-12-23T18:23:41.118+05:00  INFO 7384 --- [main] com.example.youtube.YouTubeApplication   : Started YouTubeApplication in 24.552 seconds (process running for 25.76)
2022-12-23T18:23:41.764+05:00  INFO 7384 --- [main] o.f.c.internal.license.VersionPrinter    : Flyway Community Edition 9.5.1 by Redgate
2022-12-23T18:23:41.764+05:00  INFO 7384 --- [main] o.f.c.internal.license.VersionPrinter    : See what's new here: https://flywaydb.org/documentation/learnmore/releaseNotes#9.5.1
2022-12-23T18:23:41.765+05:00  INFO 7384 --- [main] o.f.c.internal.license.VersionPrinter    : 
2022-12-23T18:23:42.611+05:00  INFO 7384 --- [main] o.f.c.i.database.base.BaseDatabaseType   : Database: jdbc:postgresql://b7y2xkuuanigrroxy6ge-postgresql.services.clever-cloud.com:5432/b7y2xkuuanigrroxy6ge (PostgreSQL 11.12)
2022-12-23T18:23:45.157+05:00  INFO 7384 --- [main] o.f.core.internal.command.DbValidate     : Successfully validated 2 migrations (execution time 00:01.166s)
2022-12-23T18:23:47.806+05:00  INFO 7384 --- [main] o.f.core.internal.command.DbMigrate      : Current version of schema "public": 1
2022-12-23T18:23:47.909+05:00  INFO 7384 --- [main] o.f.core.internal.command.DbMigrate      : Schema "public" is up to date. No migration necessary.
2022-12-23T18:24:45.367+05:00  INFO 7384 --- [SpringApplicationShutdownHook] j.LocalContainerEntityManagerFactoryBean : Closing JPA EntityManagerFactory for persistence unit 'default'
2022-12-23T18:24:45.371+05:00  INFO 7384 --- [SpringApplicationShutdownHook] com.zaxxer.hikari.HikariDataSource       : HikariPool-1 - Shutdown initiated...
2022-12-23T18:24:50.365+05:00  INFO 7384 --- [SpringApplicationShutdownHook] com.zaxxer.hikari.HikariDataSource       : HikariPool-1 - Shutdown completed.
2022-12-23T18:24:55.640+05:00  INFO 13240 --- [main] com.example.youtube.YouTubeApplication   : Starting YouTubeApplication using Java 18.0.2.1 with PID 13240 (E:\Java\2-modul\YouTube\target\classes started by User in E:\Java\2-modul\YouTube)
2022-12-23T18:24:55.663+05:00 DEBUG 13240 --- [main] com.example.youtube.YouTubeApplication   : Running with Spring Boot v3.0.0, Spring v6.0.2
2022-12-23T18:24:55.664+05:00  INFO 13240 --- [main] com.example.youtube.YouTubeApplication   : No active profile set, falling back to 1 default profile: "default"
2022-12-23T18:24:56.941+05:00  INFO 13240 --- [main] .s.d.r.c.RepositoryConfigurationDelegate : Bootstrapping Spring Data JPA repositories in DEFAULT mode.
2022-12-23T18:24:57.063+05:00  INFO 13240 --- [main] .s.d.r.c.RepositoryConfigurationDelegate : Finished Spring Data repository scanning in 105 ms. Found 5 JPA repository interfaces.
2022-12-23T18:24:57.899+05:00  INFO 13240 --- [main] o.s.b.w.embedded.tomcat.TomcatWebServer  : Tomcat initialized with port(s): 7070 (http)
2022-12-23T18:24:57.909+05:00  INFO 13240 --- [main] o.apache.catalina.core.StandardService   : Starting service [Tomcat]
2022-12-23T18:24:57.909+05:00  INFO 13240 --- [main] o.apache.catalina.core.StandardEngine    : Starting Servlet engine: [Apache Tomcat/10.1.1]
2022-12-23T18:24:58.033+05:00  INFO 13240 --- [main] o.a.c.c.C.[Tomcat].[localhost].[/]       : Initializing Spring embedded WebApplicationContext
2022-12-23T18:24:58.034+05:00  INFO 13240 --- [main] w.s.c.ServletWebServerApplicationContext : Root WebApplicationContext: initialization completed in 2303 ms
2022-12-23T18:24:58.252+05:00  INFO 13240 --- [main] o.hibernate.jpa.internal.util.LogHelper  : HHH000204: Processing PersistenceUnitInfo [name: default]
2022-12-23T18:24:58.311+05:00  INFO 13240 --- [main] org.hibernate.Version                    : HHH000412: Hibernate ORM core version 6.1.5.Final
2022-12-23T18:24:58.507+05:00  WARN 13240 --- [main] org.hibernate.orm.deprecation            : HHH90000021: Encountered deprecated setting [javax.persistence.sharedCache.mode], use [jakarta.persistence.sharedCache.mode] instead
2022-12-23T18:24:58.718+05:00  INFO 13240 --- [main] com.zaxxer.hikari.HikariDataSource       : HikariPool-1 - Starting...
2022-12-23T18:24:59.322+05:00  INFO 13240 --- [main] com.zaxxer.hikari.pool.HikariPool        : HikariPool-1 - Added connection org.postgresql.jdbc.PgConnection@7ad889be
2022-12-23T18:24:59.325+05:00  INFO 13240 --- [main] com.zaxxer.hikari.HikariDataSource       : HikariPool-1 - Start completed.
2022-12-23T18:24:59.563+05:00  INFO 13240 --- [main] SQL dialect                              : HHH000400: Using dialect: org.hibernate.dialect.PostgreSQLDialect
2022-12-23T18:25:01.913+05:00  INFO 13240 --- [main] o.h.e.t.j.p.i.JtaPlatformInitiator       : HHH000490: Using JtaPlatform implementation: [org.hibernate.engine.transaction.jta.platform.internal.NoJtaPlatform]
2022-12-23T18:25:01.925+05:00  INFO 13240 --- [main] j.LocalContainerEntityManagerFactoryBean : Initialized JPA EntityManagerFactory for persistence unit 'default'
2022-12-23T18:25:02.513+05:00 DEBUG 13240 --- [main] c.e.youtube.config.security.JwtFilter    : Filter 'jwtFilter' configured for use
2022-12-23T18:25:02.917+05:00  WARN 13240 --- [main] JpaBaseConfiguration$JpaWebConfiguration : spring.jpa.open-in-view is enabled by default. Therefore, database queries may be performed during view rendering. Explicitly configure spring.jpa.open-in-view to disable this warning
2022-12-23T18:25:03.344+05:00  INFO 13240 --- [main] o.s.s.web.DefaultSecurityFilterChain     : Will secure any request with [org.springframework.security.web.session.DisableEncodeUrlFilter@7d5cbcc9, org.springframework.security.web.context.request.async.WebAsyncManagerIntegrationFilter@3833897c, org.springframework.security.web.context.SecurityContextHolderFilter@5315210d, org.springframework.security.web.header.HeaderWriterFilter@4bc4ec43, org.springframework.security.web.authentication.logout.LogoutFilter@490704a5, com.example.youtube.config.security.JwtFilter@7f31937b, org.springframework.security.web.savedrequest.RequestCacheAwareFilter@5dc1597f, org.springframework.security.web.servletapi.SecurityContextHolderAwareRequestFilter@11896af6, org.springframework.security.web.authentication.AnonymousAuthenticationFilter@519eab1e, org.springframework.security.web.access.ExceptionTranslationFilter@45494046, org.springframework.security.web.access.intercept.AuthorizationFilter@362e709e]
2022-12-23T18:25:03.732+05:00  INFO 13240 --- [main] o.s.b.w.embedded.tomcat.TomcatWebServer  : Tomcat started on port(s): 7070 (http) with context path ''
2022-12-23T18:25:03.743+05:00  INFO 13240 --- [main] com.example.youtube.YouTubeApplication   : Started YouTubeApplication in 8.868 seconds (process running for 10.027)
2022-12-23T18:25:03.790+05:00  INFO 13240 --- [main] o.f.c.internal.license.VersionPrinter    : Flyway Community Edition 9.5.1 by Redgate
2022-12-23T18:25:03.790+05:00  INFO 13240 --- [main] o.f.c.internal.license.VersionPrinter    : See what's new here: https://flywaydb.org/documentation/learnmore/releaseNotes#9.5.1
2022-12-23T18:25:03.790+05:00  INFO 13240 --- [main] o.f.c.internal.license.VersionPrinter    : 
2022-12-23T18:25:03.809+05:00  INFO 13240 --- [main] o.f.c.i.database.base.BaseDatabaseType   : Database: jdbc:postgresql://localhost:5432/YouTube (PostgreSQL 14.1)
2022-12-23T18:25:03.959+05:00  INFO 13240 --- [main] o.f.core.internal.command.DbValidate     : Successfully validated 1 migration (execution time 00:00.072s)
2022-12-23T18:25:03.988+05:00  INFO 13240 --- [main] o.f.core.internal.command.DbMigrate      : Current version of schema "public": << Empty Schema >>
2022-12-23T18:25:04.005+05:00  INFO 13240 --- [main] o.f.core.internal.command.DbMigrate      : Migrating schema "public" to version "1 - init"
2022-12-23T18:25:04.036+05:00  INFO 13240 --- [main] o.f.core.internal.command.DbMigrate      : Successfully applied 1 migration to schema "public", now at version v1 (execution time 00:00.063s)
2022-12-23T18:25:22.524+05:00  INFO 13240 --- [http-nio-7070-exec-1] o.a.c.c.C.[Tomcat].[localhost].[/]       : Initializing Spring DispatcherServlet 'dispatcherServlet'
2022-12-23T18:25:22.525+05:00  INFO 13240 --- [http-nio-7070-exec-1] o.s.web.servlet.DispatcherServlet        : Initializing Servlet 'dispatcherServlet'
2022-12-23T18:25:22.528+05:00  INFO 13240 --- [http-nio-7070-exec-1] o.s.web.servlet.DispatcherServlet        : Completed initialization in 2 ms
2022-12-23T18:25:22.739+05:00  INFO 13240 --- [http-nio-7070-exec-1] c.e.youtube.controller.AuthController    :  Login :  email adminceek@gmail.com 
2022-12-23T18:25:49.389+05:00  INFO 13240 --- [SpringApplicationShutdownHook] j.LocalContainerEntityManagerFactoryBean : Closing JPA EntityManagerFactory for persistence unit 'default'
2022-12-23T18:25:49.393+05:00  INFO 13240 --- [SpringApplicationShutdownHook] com.zaxxer.hikari.HikariDataSource       : HikariPool-1 - Shutdown initiated...
2022-12-23T18:25:49.397+05:00  INFO 13240 --- [SpringApplicationShutdownHook] com.zaxxer.hikari.HikariDataSource       : HikariPool-1 - Shutdown completed.
2022-12-23T18:30:05.958+05:00  INFO 11688 --- [main] com.example.youtube.YouTubeApplication   : Starting YouTubeApplication using Java 18.0.2.1 with PID 11688 (E:\Java\2-modul\YouTube\target\classes started by User in E:\Java\2-modul\YouTube)
2022-12-23T18:30:05.981+05:00 DEBUG 11688 --- [main] com.example.youtube.YouTubeApplication   : Running with Spring Boot v3.0.0, Spring v6.0.2
2022-12-23T18:30:05.983+05:00  INFO 11688 --- [main] com.example.youtube.YouTubeApplication   : No active profile set, falling back to 1 default profile: "default"
2022-12-23T18:30:07.050+05:00  INFO 11688 --- [main] .s.d.r.c.RepositoryConfigurationDelegate : Bootstrapping Spring Data JPA repositories in DEFAULT mode.
2022-12-23T18:30:07.138+05:00  INFO 11688 --- [main] .s.d.r.c.RepositoryConfigurationDelegate : Finished Spring Data repository scanning in 78 ms. Found 5 JPA repository interfaces.
2022-12-23T18:30:08.911+05:00  INFO 11688 --- [main] o.s.b.w.embedded.tomcat.TomcatWebServer  : Tomcat initialized with port(s): 7070 (http)
2022-12-23T18:30:08.939+05:00  INFO 11688 --- [main] o.apache.catalina.core.StandardService   : Starting service [Tomcat]
2022-12-23T18:30:08.940+05:00  INFO 11688 --- [main] o.apache.catalina.core.StandardEngine    : Starting Servlet engine: [Apache Tomcat/10.1.1]
2022-12-23T18:30:09.193+05:00  INFO 11688 --- [main] o.a.c.c.C.[Tomcat].[localhost].[/]       : Initializing Spring embedded WebApplicationContext
2022-12-23T18:30:09.194+05:00  INFO 11688 --- [main] w.s.c.ServletWebServerApplicationContext : Root WebApplicationContext: initialization completed in 3136 ms
2022-12-23T18:30:09.632+05:00  INFO 11688 --- [main] o.hibernate.jpa.internal.util.LogHelper  : HHH000204: Processing PersistenceUnitInfo [name: default]
2022-12-23T18:30:09.718+05:00  INFO 11688 --- [main] org.hibernate.Version                    : HHH000412: Hibernate ORM core version 6.1.5.Final
2022-12-23T18:30:09.968+05:00  WARN 11688 --- [main] org.hibernate.orm.deprecation            : HHH90000021: Encountered deprecated setting [javax.persistence.sharedCache.mode], use [jakarta.persistence.sharedCache.mode] instead
2022-12-23T18:30:10.182+05:00  INFO 11688 --- [main] com.zaxxer.hikari.HikariDataSource       : HikariPool-1 - Starting...
2022-12-23T18:30:10.467+05:00  INFO 11688 --- [main] com.zaxxer.hikari.pool.HikariPool        : HikariPool-1 - Added connection org.postgresql.jdbc.PgConnection@4c5da4f9
2022-12-23T18:30:10.470+05:00  INFO 11688 --- [main] com.zaxxer.hikari.HikariDataSource       : HikariPool-1 - Start completed.
2022-12-23T18:30:10.580+05:00  INFO 11688 --- [main] SQL dialect                              : HHH000400: Using dialect: org.hibernate.dialect.PostgreSQLDialect
2022-12-23T18:30:12.306+05:00  INFO 11688 --- [main] o.h.e.t.j.p.i.JtaPlatformInitiator       : HHH000490: Using JtaPlatform implementation: [org.hibernate.engine.transaction.jta.platform.internal.NoJtaPlatform]
2022-12-23T18:30:12.317+05:00  INFO 11688 --- [main] j.LocalContainerEntityManagerFactoryBean : Initialized JPA EntityManagerFactory for persistence unit 'default'
2022-12-23T18:30:12.712+05:00 DEBUG 11688 --- [main] c.e.youtube.config.security.JwtFilter    : Filter 'jwtFilter' configured for use
2022-12-23T18:30:13.044+05:00  WARN 11688 --- [main] JpaBaseConfiguration$JpaWebConfiguration : spring.jpa.open-in-view is enabled by default. Therefore, database queries may be performed during view rendering. Explicitly configure spring.jpa.open-in-view to disable this warning
2022-12-23T18:30:13.412+05:00  INFO 11688 --- [main] o.s.s.web.DefaultSecurityFilterChain     : Will secure any request with [org.springframework.security.web.session.DisableEncodeUrlFilter@75882ac2, org.springframework.security.web.context.request.async.WebAsyncManagerIntegrationFilter@48b01607, org.springframework.security.web.context.SecurityContextHolderFilter@d1973e8, org.springframework.security.web.header.HeaderWriterFilter@2d1f9ec3, org.springframework.security.web.authentication.logout.LogoutFilter@1360ef8d, com.example.youtube.config.security.JwtFilter@1cc81ea1, org.springframework.security.web.savedrequest.RequestCacheAwareFilter@34604b32, org.springframework.security.web.servletapi.SecurityContextHolderAwareRequestFilter@159408a7, org.springframework.security.web.authentication.AnonymousAuthenticationFilter@43255f91, org.springframework.security.web.access.ExceptionTranslationFilter@5bbc033f, org.springframework.security.web.access.intercept.AuthorizationFilter@647b3fd3]
2022-12-23T18:30:13.771+05:00  INFO 11688 --- [main] o.s.b.w.embedded.tomcat.TomcatWebServer  : Tomcat started on port(s): 7070 (http) with context path ''
2022-12-23T18:30:13.790+05:00  INFO 11688 --- [main] com.example.youtube.YouTubeApplication   : Started YouTubeApplication in 8.627 seconds (process running for 9.913)
2022-12-23T18:30:13.885+05:00  INFO 11688 --- [main] o.f.c.internal.license.VersionPrinter    : Flyway Community Edition 9.5.1 by Redgate
2022-12-23T18:30:13.885+05:00  INFO 11688 --- [main] o.f.c.internal.license.VersionPrinter    : See what's new here: https://flywaydb.org/documentation/learnmore/releaseNotes#9.5.1
2022-12-23T18:30:13.885+05:00  INFO 11688 --- [main] o.f.c.internal.license.VersionPrinter    : 
2022-12-23T18:30:13.916+05:00  INFO 11688 --- [main] o.f.c.i.database.base.BaseDatabaseType   : Database: jdbc:postgresql://localhost:5432/YouTube (PostgreSQL 14.1)
2022-12-23T18:30:13.985+05:00  INFO 11688 --- [main] o.f.core.internal.command.DbValidate     : Successfully validated 1 migration (execution time 00:00.033s)
2022-12-23T18:30:14.008+05:00  INFO 11688 --- [main] o.f.core.internal.command.DbMigrate      : Current version of schema "public": 1
2022-12-23T18:30:14.009+05:00  INFO 11688 --- [main] o.f.core.internal.command.DbMigrate      : Schema "public" is up to date. No migration necessary.
2022-12-23T18:30:37.000+05:00  INFO 11688 --- [http-nio-7070-exec-1] o.a.c.c.C.[Tomcat].[localhost].[/]       : Initializing Spring DispatcherServlet 'dispatcherServlet'
2022-12-23T18:30:37.001+05:00  INFO 11688 --- [http-nio-7070-exec-1] o.s.web.servlet.DispatcherServlet        : Initializing Servlet 'dispatcherServlet'
2022-12-23T18:30:37.003+05:00  INFO 11688 --- [http-nio-7070-exec-1] o.s.web.servlet.DispatcherServlet        : Completed initialization in 2 ms
2022-12-23T18:30:37.270+05:00  INFO 11688 --- [http-nio-7070-exec-1] c.e.youtube.controller.AuthController    : Registration : email nazarovazimjon888@gmail.com, name Azimjon
2022-12-23T18:32:50.265+05:00  INFO 11688 --- [SpringApplicationShutdownHook] j.LocalContainerEntityManagerFactoryBean : Closing JPA EntityManagerFactory for persistence unit 'default'
2022-12-23T18:32:50.271+05:00  INFO 11688 --- [SpringApplicationShutdownHook] com.zaxxer.hikari.HikariDataSource       : HikariPool-1 - Shutdown initiated...
2022-12-23T18:32:50.278+05:00  INFO 11688 --- [SpringApplicationShutdownHook] com.zaxxer.hikari.HikariDataSource       : HikariPool-1 - Shutdown completed.
